# cpu total, setup, strain, electr, fileio, sendrecev, allreduce, barrier, bcast, send, receive, matmul, strain_sendrecv, strain_allreduce, strain_barrier, strain_bcast, strain_send, strain_recv, electr_sendrecv, electr_allreduce, electr_barrier, electr_bcast, electr_send, electr_recv
 48 -2 5214.95 40.521 1946.92 3213.28 19.4599 0.318182 0.162839 7.85086 0.216423 11.6278 0 0 80.9943 80.0132 0.00880051 4.55169 0 0 213.21 117.897 480.783 0.345764 0 0 
 48 -1 5214.95 40.6351 1946.92 3213.28 19.4739 0.701368 0.215113 10.6541 0.233257 11.6278 2.48017 0 82.2615 81.3204 0.00909257 4.6456 0 0 520.912 152.703 492.072 0.361838 0 0 
 48 0 5214.95 40.6351 1946.92 3213.28 10.7493 0.701368 0.215113 0.000676632 0.0139072 0 2.48017 0 72.1261 34.8372 0.00714517 0.959119 0 0 520.912 152.703 89.954 0.177786 0 0 
 48 1 5214.95 40.6128 1946.92 3213.28 19.3278 0.0497675 0.0608647 10.6541 0.0446939 8.70517 0 0 69.453 50.4806 0.00857806 4.51522 0 0 36.3173 36.3265 491.583 0.318768 0 0 
 48 2 5214.95 40.6123 1946.92 3213.28 19.3432 0.0406857 0.0693474 10.6416 0.0397899 8.73393 0 0 71.1555 50.7712 0.00882864 4.50719 0 0 30.1862 43.1885 492.015 0.319508 0 0 
 48 3 5214.95 40.6073 1946.92 3213.28 19.3811 0.0575619 0.0628386 10.6314 0.0378499 8.77745 0 0 69.0551 81.3204 0.00503302 4.53803 0 0 36.0285 38.6244 491.895 0.319262 0 0 
 48 4 5214.95 40.6057 1946.92 3213.28 19.3826 0.0811291 0.0719156 10.62 0.0532351 8.79072 0 0 71.4989 67.415 0.00508833 4.6456 0 0 36.0931 46.737 492.072 0.320438 0 0 
 48 5 5214.95 40.6151 1946.92 3213.28 19.3458 0.0540833 0.0539939 10.6083 0.026547 8.76429 0 0 60.4336 57.3893 0.00234032 3.851 0 0 35.1222 38.7473 491.852 0.319999 0 0 
 48 6 5214.95 40.6059 1946.92 3213.28 19.3793 0.0422523 0.0610445 10.5989 0.0459602 8.81124 0 0 67.4281 70.0491 0.005023 4.53251 0 0 27.8258 43.5944 491.602 0.31753 0 0 
 48 7 5214.95 40.6052 1946.92 3213.28 19.3732 0.0891736 0.0312276 10.5887 0.047647 8.81573 0 0 77.7038 78.0131 0.00790668 3.92669 0 0 57.9151 25.2633 491.31 0.317547 0 0 
 48 8 5214.95 40.5256 1946.92 3213.28 19.4363 0.0707555 0.0279031 10.5713 0.042114 8.89884 0 0 72.4178 72.919 0.00795889 3.61831 0 0 49.8941 15.4601 479.241 0.312603 0 0 
 48 9 5214.95 40.5229 1946.92 3213.28 19.4392 0.0464904 0.0282884 10.5615 0.031925 8.9182 0 0 60.8098 63.3393 0.00813484 3.24351 0 0 29.414 17.133 479.067 0.312942 0 0 
 48 10 5214.95 40.5274 1946.92 3213.28 19.4459 0.042944 0.0376573 10.5502 0.0355968 8.93351 0 0 61.1018 75.395 0.00821376 3.3275 0 0 32.0799 24.9336 479.712 0.312675 0 0 
 48 11 5214.95 40.5596 1946.92 3213.28 19.4231 0.060343 0.0289457 10.5393 0.036515 8.92417 0 0 61.1902 74.5866 0.00791478 3.37922 0 0 45.352 19.826 479.459 0.313149 0 0 
 48 12 5214.95 40.5264 1946.92 3213.28 19.4553 0.0812917 0.0425582 10.5294 0.040381 8.96208 0 0 62.6095 69.1849 0.00802565 3.45334 0 0 40.0266 28.5725 479.701 0.313171 0 0 
 48 13 5214.95 40.5261 1946.92 3213.28 19.4599 0.0579364 0.0291624 10.519 0.0364108 8.97537 0 0 62.8282 71.3595 0.00807834 3.32863 0 0 44.198 15.3024 479.577 0.315282 0 0 
 48 14 5214.95 40.5282 1946.92 3213.28 19.4531 0.0437956 0.0379298 10.5088 0.0359828 8.97729 0 0 61.7633 66.0946 0.00808907 3.02922 0 0 29.158 19.8188 478.324 0.315581 0 0 
 48 15 5214.95 40.5266 1946.92 3213.28 19.44 0.0568216 0.0223036 10.4906 0.0284748 8.98822 0 0 82.2615 70.1037 0.00823665 3.19611 0 0 36.3594 14.3136 477.963 0.315609 0 0 
 48 16 5214.95 40.5702 1946.92 3213.28 19.3113 0.0436869 0.0330665 10.4783 0.217707 8.86131 0 0 77.7534 48.9339 0.00821924 3.45686 0 0 28.9006 17.6515 477.376 0.358861 0 0 
 48 17 5214.95 40.5289 1946.92 3213.28 19.4482 0.0525644 0.0308316 10.4664 0.227684 9.01485 0 0 63.277 67.5361 0.00760269 3.44694 0 0 35.0287 16.1791 480.844 0.360251 0 0 
 48 18 5214.95 40.5238 1946.92 3213.28 19.4332 0.0439868 0.0383022 10.4556 0.19862 9.01145 0 0 64.573 64.1397 0.00781155 3.5154 0 0 29.1486 24.6235 481.641 0.361838 0 0 
 48 19 5214.95 40.5221 1946.92 3213.28 19.4622 0.0556481 0.0319185 10.4445 0.22147 9.05202 0 0 63.391 54.7114 0.00793862 3.7199 0 0 45.3683 14.8775 481.099 0.360645 0 0 
 48 20 5214.95 40.5264 1946.92 3213.28 19.4603 0.0514688 0.0451322 10.4337 0.233257 9.05394 0 0 63.4409 71.4271 0.0078485 3.6859 0 0 41.7984 22.597 481.227 0.361367 0 0 
 48 21 5214.95 40.5288 1946.92 3213.28 19.4488 0.0649433 0.0210841 10.4149 0.226311 9.06623 0 0 62.6345 65.6991 0.00812244 3.49713 0 0 34.7858 15.6926 481.645 0.360424 0 0 
 48 22 5214.95 40.5247 1946.92 3213.28 19.4739 0.0490103 0.0293095 10.4038 0.227561 9.10421 0 0 62.8118 64.7975 0.00824475 3.52135 0 0 29.9461 21.1859 480.615 0.357675 0 0 
 48 23 5214.95 40.5321 1946.92 3213.28 17.1086 0.0561092 0.0210655 8.15338 0.224608 8.98978 0 0 71.9355 60.7625 0.00787854 4.04054 0 0 37.5555 15.7096 480.47 0.357957 0 0 
 48 24 5214.95 40.5255 1946.92 3213.28 19.4564 0.105583 0.0396543 8.1421 0.212771 11.3439 0 0 73.6382 65.0221 0.00793433 4.23812 0 0 44.9553 24.9446 479.235 0.353538 0 0 
 48 25 5214.95 40.5251 1946.92 3213.28 19.4134 0.0558925 0.0339513 8.12978 0.204326 11.3144 0 0 60.4781 51.501 0.00785255 3.95495 0 0 33.41 22.2043 478.821 0.353331 0 0 
 48 26 5214.95 40.5591 1946.92 3213.28 19.4134 0.0409858 0.0400758 8.119 0.205337 11.3298 0 0 62.6609 51.8905 0.00804448 3.76226 0 0 28.6195 31.3774 479.409 0.35324 0 0 
 48 27 5214.95 40.5272 1946.92 3213.28 19.4573 0.0588446 0.0324891 8.10803 0.20751 11.3844 0 0 60.9924 57.8009 0.00826955 3.78634 0 0 40.7965 20.7942 480.069 0.353228 0 0 
 48 28 5214.95 40.5284 1946.92 3213.28 19.4612 0.0563693 0.0475907 8.0891 0.205591 11.3995 0 0 61.5675 77.5321 0.00844431 3.96088 0 0 43.6388 28.4008 478.947 0.353027 0 0 
 48 29 5214.95 40.5264 1946.92 3213.28 19.4606 0.0556962 0.0375979 8.07894 0.203811 11.4153 0 0 61.7396 49.9408 0.00840354 3.88995 0 0 41.9594 17.7601 478.689 0.353231 0 0 
 48 30 5214.95 40.532 1946.92 3213.28 19.4331 0.0415218 0.0453556 8.06698 0.202749 11.3995 0 0 60.6983 61.5698 0.00859261 3.75169 0 0 28.7503 22.9426 477.758 0.353107 0 0 
 48 31 5214.95 40.5249 1946.92 3213.28 19.4549 0.0603795 0.0317054 8.05562 0.204918 11.4304 0 0 77.2674 80.0157 0.00909257 4.24782 0 0 45.2004 16.1455 478.169 0.352966 0 0 
 48 32 5214.95 40.5557 1946.92 3213.28 19.336 0.0417626 0.0333841 8.04449 0.214953 11.326 0 0 74.9701 41.7319 0.00879645 3.68176 0 0 33.3434 20.4966 476.347 0.350484 0 0 
 48 33 5214.95 40.5286 1946.92 3213.28 19.4381 0.0543232 0.0305986 8.03331 0.211327 11.4398 0 0 63.6071 58.0905 0.00847483 3.93257 0 0 28.7145 23.7051 479.994 0.35303 0 0 
 48 34 5214.95 40.5297 1946.92 3213.28 19.4519 0.0430572 0.0401378 8.02144 0.215612 11.4663 0 0 65.4647 57.8278 0.0087347 3.73418 0 0 32.4014 33.0902 480.899 0.352966 0 0 
 48 35 5214.95 40.5261 1946.92 3213.28 19.4462 0.0554407 0.0337403 8.0041 0.215488 11.4783 0 0 63.8565 73.826 0.00864196 3.93864 0 0 56.108 13.4753 480.069 0.352847 0 0 
 48 36 5214.95 40.5295 1946.92 3213.28 19.4545 0.0548286 0.0482585 7.99336 0.217209 11.4929 0 0 64.4829 64.0415 0.00880265 3.7862 0 0 56.7306 20.3655 480.272 0.35414 0 0 
 48 37 5214.95 40.561 1946.92 3213.28 17.0671 0.0557439 0.0309253 7.97062 0.214573 9.13067 0 0 63.3566 57.783 0.008497 3.86989 0 0 29.1221 18.9464 480.26 0.353334 0 0 
 48 38 5214.95 40.5263 1946.92 3213.28 19.4566 0.0404975 0.0373807 7.95911 0.221644 11.5331 0 0 62.9761 57.7291 0.00854683 3.62049 0 0 31.9437 23.2609 479.633 0.350718 0 0 
 48 39 5214.95 40.5276 1946.92 3213.28 19.4491 0.0555243 0.0296874 7.94662 0.219338 11.5382 0 0 72.6572 67.3189 0.00805998 4.04008 0 0 39.1013 18.9359 479.386 0.350348 0 0 
 48 40 5214.95 40.5238 1946.92 3213.28 19.4589 0.0675886 0.0534432 7.9361 0.225835 11.5545 0 0 75.4701 69.3977 0.00791669 4.52558 0 0 38.5907 33.9175 479.414 0.346056 0 0 
 48 41 5214.95 40.5333 1946.92 3213.28 19.4394 0.052269 0.0536616 7.92508 0.21889 11.5486 0 0 58.9686 52.627 0.00772643 4.01309 0 0 43.6716 24.2933 479.207 0.346165 0 0 
 48 42 5214.95 40.5322 1946.92 3213.28 19.4509 0.0394819 0.0597322 7.90624 0.224279 11.5789 0 0 60.3403 65.4749 0.00788808 4.128 0 0 31.0649 31.337 480.147 0.347059 0 0 
 48 43 5214.95 40.5269 1946.92 3213.28 19.439 0.0632472 0.0501416 7.89593 0.20036 11.5793 0 0 60.2642 68.691 0.00800085 4.10318 0 0 44.5166 24.0386 479.376 0.345928 0 0 
 48 44 5214.95 40.5273 1946.92 3213.28 19.4526 0.0510941 0.0599108 7.88387 0.213823 11.6031 0 0 60.1244 67.4836 0.00816965 4.3631 0 0 42.4735 31.051 479.15 0.346282 0 0 
 48 45 5214.95 40.526 1946.92 3213.28 19.4466 0.0477872 0.0510392 7.87304 0.21653 11.6084 0 0 68.4582 49.986 0.00803876 4.35767 0 0 35.9733 27.0536 479.045 0.346176 0 0 
 48 46 5214.95 40.5236 1946.92 3213.28 19.4455 0.0402071 0.0587723 7.86234 0.219331 11.617 0 0 66.2102 66.4971 0.00822592 4.11927 0 0 28.7003 31.8269 478.358 0.346156 0 0 
 48 47 5214.95 40.521 1946.92 3213.28 19.4599 0.318182 0.162839 7.85086 0.216423 11.6278 0 0 80.9943 80.0132 0.00880051 4.55169 0 0 213.21 117.897 480.783 0.345764 0 0 
