# cpu total, setup, strain, electr, fileio, sendrecev, allreduce, barrier, bcast, send, receive, matmul, strain_sendrecv, strain_allreduce, strain_barrier, strain_bcast, strain_send, strain_recv, electr_sendrecv, electr_allreduce, electr_barrier, electr_bcast, electr_send, electr_recv
 48 -2 9883.13 37.9312 2947.53 6879.43 20.219 0.381474 0.243093 11.0915 0.224312 9.7509 0 0 145.988 132.771 0.00761938 9.58904 0 0 373.932 212.748 2068.93 0.67869 0 0 
 48 -1 9883.14 38.0253 2947.53 6879.43 20.2194 0.842189 0.243093 11.8002 0.23923 9.7509 0.273216 0 145.988 140.961 0.0114548 10.4019 0 0 905.67 256.913 2090.86 0.715314 0 0 
 48 0 9883.14 38.0253 2947.53 6879.43 11.4013 0.842189 0.218731 0.000689268 0.139974 0 0.273216 0 126.3 55.8012 0.00166821 1.24353 0 0 905.67 256.913 171.733 0.30916 0 0 
 48 1 9883.13 37.9764 2947.53 6879.43 20.1181 0.0600247 0.0410516 11.8002 0.188449 8.93934 0 0 112.045 119.414 0.00648379 10.4019 0 0 53.2016 73.9034 2089.92 0.61875 0 0 
 48 2 9883.13 37.9838 2947.53 6879.43 20.155 0.0489261 0.0518506 11.7849 0.197757 8.99089 0 0 115.014 80.2752 0.00651193 10.3154 0 0 49.933 84.4581 2090.86 0.616263 0 0 
 48 3 9883.13 37.9719 2947.53 6879.43 20.1816 0.0678177 0.044647 11.7721 0.196882 9.02784 0 0 113.744 129.726 0.0108969 10.3614 0 0 61.5485 82.5339 2090.8 0.614746 0 0 
 48 4 9883.13 37.977 2947.53 6879.43 20.1667 0.0596416 0.0553353 11.7579 0.198828 9.0282 0 0 117.881 111.015 0.0110619 10.3282 0 0 48.745 96.8313 2090.84 0.613582 0 0 
 48 5 9883.13 37.9796 2947.53 6879.43 20.176 0.0672667 0.0391212 11.7436 0.197461 9.05041 0 0 91.6454 140.197 0.0108604 10.277 0 0 82.2925 67.9131 2090.66 0.612924 0 0 
 48 6 9883.13 37.977 2947.53 6879.43 20.1762 0.048872 0.0479677 11.7316 0.19837 9.06256 0 0 91.7517 136.72 0.011065 10.307 0 0 54.5173 77.3583 2089.32 0.609427 0 0 
 48 7 9883.13 37.9782 2947.53 6879.43 20.174 0.0765002 0.031096 11.7188 0.205915 9.07563 0 0 120.765 125.7 0.010581 10.2709 0 0 89.7968 57.2185 2089.37 0.607693 0 0 
 48 8 9883.13 37.9392 2947.53 6879.43 20.1822 0.135143 0.0436203 11.6974 0.169382 9.10621 0 0 108.071 107.044 0.0104787 9.64375 0 0 66.0914 37.0398 2070.1 0.610949 0 0 
 48 9 9883.13 37.9396 2947.53 6879.43 20.2047 0.0575118 0.0951548 11.6853 0.170596 9.14557 0 0 91.2637 94.1671 0.0105937 8.9422 0 0 58.2761 35.5751 2069.26 0.600739 0 0 
 48 10 9883.13 37.9395 2947.53 6879.43 20.2123 0.0475116 0.108273 11.6714 0.183452 9.16254 0 0 92.3951 123.914 0.0108705 9.10877 0 0 47.8752 49.8944 2070.73 0.601775 0 0 
 48 11 9883.13 37.9355 2947.53 6879.43 20.2116 0.0691476 0.0944464 11.658 0.175074 9.18009 0 0 91.6317 99.2819 0.0110555 9.37657 0 0 73.9597 34.577 2070.14 0.60176 0 0 
 48 12 9883.13 37.9352 2947.53 6879.43 20.2194 0.0576901 0.111234 11.6456 0.1636 9.19354 0 0 93.6886 127.056 0.0109968 9.33948 0 0 66.6223 46.5955 2069.99 0.601774 0 0 
 48 13 9883.13 37.9409 2947.53 6879.43 20.212 0.0622625 0.0958023 11.6326 0.169376 9.20035 0 0 93.0297 118.342 0.0109103 9.24135 0 0 52.9155 38.1415 2068.95 0.602642 0 0 
 48 14 9883.13 37.9369 2947.53 6879.43 20.2138 0.0494161 0.103228 11.6198 0.174154 9.2175 0 0 91.9569 109.113 0.0111361 8.97047 0 0 46.3314 47.5801 2067.71 0.605335 0 0 
 48 15 9883.13 37.9429 2947.53 6879.43 20.1976 0.0681658 0.0855112 11.5979 0.174302 9.22377 0 0 118.469 112.461 0.0107341 7.96356 0 0 69.0726 32.1479 2067.63 0.605711 0 0 
 48 16 9883.13 37.9747 2947.53 6879.43 20.0238 0.0537515 0.0898783 11.5611 0.0489891 9.08819 0 0 114.234 74.8382 0.0108128 9.62135 0 0 48.1979 39.4877 2062.76 0.702449 0 0 
 48 17 9883.13 37.936 2947.53 6879.43 20.1608 0.0629778 0.0843353 11.5469 0.047538 9.24137 0 0 93.6179 116.25 0.0102589 9.85509 0 0 71.51 29.7041 2068.39 0.715314 0 0 
 48 18 9883.13 37.9337 2947.53 6879.43 20.15 0.0485907 0.0974929 11.5334 0.0401721 9.23831 0 0 98.4746 107.646 0.0106912 10.0175 0 0 58.1074 42.9193 2069.92 0.708971 0 0 
 48 19 9883.13 37.9323 2947.53 6879.43 20.1718 0.0682802 0.0936182 11.5195 0.047307 9.27438 0 0 93.6924 111.801 0.0106516 9.95198 0 0 68.2494 27.986 2070.23 0.705197 0 0 
 48 20 9883.13 37.9378 2947.53 6879.43 20.1723 0.0684817 0.105482 11.5062 0.0180051 9.28802 0 0 93.6976 109.15 0.0107963 10.0663 0 0 87.5858 39.3804 2070.48 0.707161 0 0 
 48 21 9883.13 37.9428 2947.53 6879.43 20.1586 0.0653646 0.0893474 11.4841 0.0571809 9.29897 0 0 94.0828 103.998 0.0106108 10.0817 0 0 50.6982 37.4341 2070.47 0.706226 0 0 
 48 22 9883.13 37.9397 2947.53 6879.43 20.1598 0.0497444 0.0946474 11.4703 0.048491 9.3083 0 0 92.4913 92.5608 0.0107286 9.75649 0 0 48.1145 47.0185 2068.29 0.700088 0 0 
 48 23 9883.13 37.939 2947.53 6879.43 20.1658 0.076654 0.0820289 11.4578 0.0475321 9.32814 0 0 111.045 108.246 0.010273 10.2195 0 0 84.172 23.8815 2068.05 0.700213 0 0 
 48 24 9883.13 37.9362 2947.53 6879.43 20.1692 0.0881062 0.0983279 11.4438 0.0468059 9.34553 0 0 109.454 97.1554 0.0103123 10.2759 0 0 82.7315 32.7244 2072.46 0.696002 0 0 
 48 25 9883.13 37.9411 2947.53 6879.43 20.1141 0.0470109 0.0962243 11.4289 0.0440359 9.31412 0 0 91.2647 104.443 0.0104361 9.79509 0 0 57.5447 28.0238 2072.24 0.693825 0 0 
 48 26 9883.13 37.9398 2947.53 6879.43 20.1498 0.0786653 0.10579 11.4156 0.0457089 9.36108 0 0 94.3545 91.1362 0.0105188 9.54162 0 0 49.0572 40.6355 2071.6 0.695187 0 0 
 48 27 9883.13 37.9367 2947.53 6879.43 20.1695 0.0662093 0.105818 11.4022 0.0493021 9.39109 0 0 91.912 120.186 0.0105803 9.69839 0 0 72.6776 29.7342 2073.2 0.694507 0 0 
 48 28 9883.13 37.9335 2947.53 6879.43 20.1606 0.0851014 0.113676 11.3795 0.036767 9.408 0 0 92.3132 116.677 0.0107827 9.92376 0 0 55.3354 41.4857 2071.33 0.691413 0 0 
 48 29 9883.13 37.935 2947.53 6879.43 20.1723 0.0694268 0.0996268 11.3666 0.043391 9.42298 0 0 91.0871 104.814 0.0107055 9.73869 0 0 66.8576 27.6922 2072.11 0.693369 0 0 
 48 30 9883.13 37.9339 2947.53 6879.43 20.1642 0.0490468 0.105846 11.3522 0.0438447 9.43573 0 0 91.1459 114.674 0.0108361 9.41781 0 0 49.6471 36.5441 2070.2 0.694293 0 0 
 48 31 9883.13 37.936 2947.53 6879.43 20.1632 0.0756471 0.0849555 11.3382 0.047426 9.44945 0 0 129.56 109.313 0.0114548 10.0735 0 0 72.5264 20.5893 2070.17 0.693339 0 0 
 48 32 9883.13 37.9677 2947.53 6879.43 20.0955 0.0511861 0.0857584 11.3246 0.208262 9.39558 0 0 125.492 84.0521 0.0111263 8.72962 0 0 54.02 36.2706 2063.04 0.68866 0 0 
 48 33 9883.13 37.9383 2947.53 6879.43 20.1514 0.0646098 0.0876834 11.3109 0.228038 9.46524 0 0 95.5023 81.7647 0.010551 9.07025 0 0 54.5612 37.3468 2068.36 0.695699 0 0 
 48 34 9883.13 37.9397 2947.53 6879.43 20.202 0.051564 0.0942721 11.2966 0.229908 9.53612 0 0 99.4967 85.9524 0.0107737 9.04708 0 0 64.014 51.0915 2070.07 0.692632 0 0 
 48 35 9883.13 37.9354 2947.53 6879.43 20.2055 0.0632527 0.0883555 11.2752 0.228503 9.56078 0 0 94.5286 126.047 0.0109484 9.03191 0 0 65.7066 44.0504 2069.95 0.688571 0 0 
 48 36 9883.13 37.9394 2947.53 6879.43 20.2074 0.0651848 0.109359 11.2618 0.211399 9.56639 0 0 93.8311 124.894 0.0110855 8.94475 0 0 70.7825 59.267 2070.56 0.691856 0 0 
 48 37 9883.13 37.9382 2947.53 6879.43 20.2141 0.0662973 0.091363 11.2494 0.207702 9.58749 0 0 94.6137 113.492 0.0108185 9.19846 0 0 66.2647 40.6771 2070.3 0.694393 0 0 
 48 38 9883.13 37.938 2947.53 6879.43 20.2081 0.0519793 0.0985725 11.2353 0.231782 9.59728 0 0 93.1801 75.5743 0.0109727 8.95288 0 0 47.4763 49.2937 2069 0.684297 0 0 
 48 39 9883.13 37.9371 2947.53 6879.43 20.2022 0.0639715 0.0881073 11.22 0.227826 9.60629 0 0 106.584 120.442 0.0104721 9.25819 0 0 85.6922 30.4294 2068.15 0.685832 0 0 
 48 40 9883.13 37.9421 2947.53 6879.43 20.1901 0.0787504 0.116112 11.2071 0.156978 9.6048 0 0 112.288 92.3655 0.0102596 9.60309 0 0 83.6448 55.3538 2067.08 0.676593 0 0 
 48 41 9883.13 37.947 2947.53 6879.43 20.1904 0.0567541 0.118114 11.1838 0.231667 9.62981 0 0 90.0574 94.9769 0.0105672 8.76612 0 0 54.3202 56.4125 2066.43 0.680877 0 0 
 48 42 9883.13 37.9498 2947.53 6879.43 20.1982 0.0489211 0.128686 11.1612 0.231778 9.65725 0 0 91.6669 114.49 0.0106637 8.88623 0 0 49.178 69.2047 2067.57 0.678251 0 0 
 48 43 9883.13 37.9432 2947.53 6879.43 20.2056 0.0691266 0.115275 11.1483 0.23923 9.67865 0 0 90.4456 140.961 0.0107746 8.98055 0 0 74.8366 58.3532 2066.68 0.678761 0 0 
 48 44 9883.13 37.9377 2947.53 6879.43 20.2118 0.0603766 0.12496 11.1337 0.228819 9.70616 0 0 91.3681 99.7714 0.0108864 9.34127 0 0 63.8151 69.4937 2067.5 0.679209 0 0 
 48 45 9883.13 37.9449 2947.53 6879.43 20.1796 0.0616722 0.115318 11.1204 0.221833 9.68234 0 0 111.305 97.901 0.0107148 9.20419 0 0 64.1802 56.9805 2066.16 0.678086 0 0 
 48 46 9883.13 37.9417 2947.53 6879.43 20.1908 0.0468793 0.122553 11.1055 0.229021 9.71032 0 0 110.138 108.395 0.0109434 9.19624 0 0 49.0269 65.5737 2064.29 0.67833 0 0 
 48 47 9883.13 37.9312 2947.53 6879.43 20.219 0.381474 0.243093 11.0915 0.224312 9.7509 0 0 145.988 132.771 0.00761938 9.58904 0 0 373.932 212.748 2068.93 0.67869 0 0 
