# cpu total, setup, strain, electr, fileio, sendrecev, allreduce, barrier, bcast, send, receive, matmul, strain_sendrecv, strain_allreduce, strain_barrier, strain_bcast, strain_send, strain_recv, electr_sendrecv, electr_allreduce, electr_barrier, electr_bcast, electr_send, electr_recv
 32 -2 61649 26.0433 4486.24 57122.4 15.0027 0 0.000858784 5.88314 0.0309858 9.16184 0 0 147.958 98.6919 0.00805831 8.33767 0 0 817.044 1101.92 43630.5 0.56029 0 0 
 32 -1 61649 26.0775 4486.24 57122.4 15.0421 0 0.00151992 6.45494 0.0869079 9.16184 0.292663 0 147.958 154 0.0091598 9.66169 0 0 1964.22 1273.55 43631.1 0.59375 0 0 
 32 0 61649 26.0547 4486.24 57122.4 6.4793 0 4.00543e-05 0.00028944 0.0723639 0 0.292663 0 124.875 33.2926 0.00711489 1.28631 0 0 1964.22 1273.55 1.4232 0.59375 0 0 
 32 1 61649 26.0685 4486.23 57122.4 14.9988 0 0.00149107 6.45494 0.082458 8.58369 0 0 121.34 129.308 0.00822449 9.58812 0 0 715.948 310.014 43631 0.328605 0 0 
 32 2 61649 26.0421 4486.23 57122.4 15.0298 0 0.000987053 6.43623 0.0647848 8.63593 0 0 123.803 138.611 0.00839877 9.46899 0 0 742.816 336.619 43631 0.326707 0 0 
 32 3 61649 26.0363 4486.23 57122.4 15.0372 0 0.000930071 6.41802 0.0788679 8.66091 0 0 121.355 137.571 0.00826573 9.54701 0 0 92.0607 334.869 43631 0.325339 0 0 
 32 4 61649 26.0368 4486.23 57122.4 15.0381 0 0.000963926 6.40084 0.0869079 8.67639 0 0 124.674 86.8421 0.00839138 9.66169 0 0 689.07 354.476 43631 0.319103 0 0 
 32 5 61649 26.0372 4486.23 57122.4 15.0281 0 0.000950098 6.38261 0.0844402 8.68778 0 0 94.5596 154 0.0083077 9.46635 0 0 117.784 975.168 43631 0.325922 0 0 
 32 6 61649 26.036 4486.23 57122.4 15.0366 0 0.000983953 6.36654 0.0847349 8.71286 0 0 96.2365 153.238 0.00846696 9.63612 0 0 98.296 988.696 43631 0.312836 0 0 
 32 7 61649 26.0326 4486.23 57122.4 15.0421 0 0.00099802 6.34839 0.0816481 8.72495 0 0 130.569 90.656 0.00531483 9.1386 0 0 817.292 239.295 43631 0.311501 0 0 
 32 8 61649 26.0331 4486.23 57122.4 15.037 0 0.000891924 6.33005 0.0655932 8.75074 0 0 111.199 136.85 0.00531125 7.28078 0 0 122.334 93.06 43631 0.299839 0 0 
 32 9 61649 26.0357 4486.23 57122.4 14.9795 0 0.000972033 6.31187 0.0733593 8.71135 0 0 98.0526 117.064 0.00404978 7.10173 0 0 768.381 98.3964 43631.1 0.297961 0 0 
 32 10 61649 26.0339 4486.23 57122.4 15.0337 0 0.000895023 6.29215 0.077101 8.78242 0 0 96.3452 84.7253 0.00512457 7.21726 0 0 758.152 123.589 43631.1 0.298414 0 0 
 32 11 61649 26.0387 4486.23 57122.4 15.0327 0 0.00089407 6.27358 0.0541377 8.80318 0 0 95.3544 117.694 0.00862765 7.19932 0 0 845.332 31.6307 43631.1 0.298559 0 0 
 32 12 61649 26.041 4486.23 57122.4 15.0358 0 0.000818968 6.25572 0.08477 8.81999 0 0 96.8504 127.29 0.00866222 7.26239 0 0 151.874 48.1886 43631.1 0.293917 0 0 
 32 13 61649 26.0354 4486.23 57122.4 15.0415 0 0.000941038 6.23652 0.076525 8.84677 0 0 96.1502 113.21 0.00849414 7.20861 0 0 126.31 41.0252 43631 0.298778 0 0 
 32 14 61649 26.068 4486.23 57122.4 15.0031 0 0.000828028 6.21837 0.076946 8.82868 0 0 98.6424 119.551 0.00854063 6.81844 0 0 109.239 59.9557 43631.1 0.297711 0 0 
 32 15 61649 26.0337 4486.23 57122.4 15.0385 0 0.0011611 6.20016 0.07796 8.88043 0 0 123.672 87.2866 0.00814414 6.69701 0 0 876.502 44.7922 43631 0.2996 0 0 
 32 16 61649 26.0775 4486.24 57122.4 14.9165 0 0.00143695 6.17225 0.026746 8.78393 0 0 118.17 85.9153 0.0091598 8.09755 0 0 706.677 303.084 43630.6 0.577798 0 0 
 32 17 61649 26.0481 4486.24 57122.4 15.0034 0 0.00142694 6.15164 0.0427308 8.88134 0 0 101.396 71.7531 0.00791097 7.73036 0 0 223.931 723.8 43630.6 0.590132 0 0 
 32 18 61649 26.0545 4486.24 57122.4 14.9922 0 0.00144196 6.13324 0.0310948 8.9007 0 0 102.773 106.06 0.00804591 7.94365 0 0 187.973 742.481 43630.5 0.579166 0 0 
 32 19 61649 26.0496 4486.24 57122.4 14.9984 0 0.00139284 6.11371 0.0412169 8.92594 0 0 99.3519 67.6997 0.00791073 7.72886 0 0 148.486 777.641 43630.5 0.578844 0 0 
 32 20 61649 26.0467 4486.24 57122.4 14.9979 0 0.00145793 6.09402 0.0400448 8.94438 0 0 101.058 96.5417 0.0081594 7.71751 0 0 171.241 812.668 43630.4 0.577704 0 0 
 32 21 61649 26.0468 4486.24 57122.4 15.0029 0 0.00135899 6.07538 0.0465748 8.96872 0 0 100.823 104.696 0.00789881 7.71685 0 0 172.108 752.085 43630.5 0.581883 0 0 
 32 22 61649 26.0454 4486.24 57122.4 15.0046 0 0.00135708 6.05586 0.041786 8.9911 0 0 98.3243 93.0924 0.00810957 7.61044 0 0 210.386 768.916 43630.5 0.564817 0 0 
 32 23 61649 26.0472 4486.24 57122.4 14.986 0 0.00136185 6.03718 0.0378337 8.99101 0 0 112.741 122.306 0.00752473 7.44817 0 0 138.108 743.886 43630.5 0.571363 0 0 
 32 24 61649 26.0456 4486.24 57122.4 14.9803 0 0.00151992 6.01725 0.00204086 9.0055 0 0 117.256 133.192 0.00750589 7.9933 0 0 163.934 766.793 43630.5 0.56462 0 0 
 32 25 61649 26.0466 4486.24 57122.4 15.0064 0 0.00143099 5.99924 0.0334868 9.04878 0 0 94.8571 122.11 0.00748086 7.67404 0 0 147.223 772.138 43630.6 0.548736 0 0 
 32 26 61649 26.0453 4486.24 57122.4 15.0019 0 0.00149393 5.97885 0.0337946 9.06528 0 0 92.9917 96.3845 0.0072999 7.90325 0 0 170.501 802.697 43630.5 0.559332 0 0 
 32 27 61649 26.0456 4486.24 57122.4 15.007 0 0.00151587 5.96059 0.0330939 9.08668 0 0 93.1365 116.881 0.00788593 7.58972 0 0 160.667 772.14 43630.5 0.554999 0 0 
 32 28 61649 26.0458 4486.24 57122.4 15.0058 0 0.00150299 5.93983 0.0310957 9.10573 0 0 95.5754 122.437 0.0080452 8.00167 0 0 135.995 799.186 43630.5 0.555487 0 0 
 32 29 61649 26.0432 4486.24 57122.4 15.0091 0 0.00129485 5.92179 0.0273139 9.12974 0 0 117.736 113.954 0.00780201 7.77551 0 0 160.051 763.135 43630.5 0.55403 0 0 
 32 30 61649 26.0449 4486.24 57122.4 14.9977 0 0.00100994 5.90192 0.035403 9.13343 0 0 113.151 105.3 0.0079906 7.36194 0 0 126.488 776.154 43630.5 0.555247 0 0 
 32 31 61649 26.0433 4486.24 57122.4 15.0027 0 0.000858784 5.88314 0.0309858 9.16184 0 0 147.958 98.6919 0.00805831 8.33767 0 0 817.044 1101.92 43630.5 0.56029 0 0 
