# cpu total, setup, strain, electr, fileio, sendrecev, allreduce, barrier, bcast, send, receive, matmul, strain_sendrecv, strain_allreduce, strain_barrier, strain_bcast, strain_send, strain_recv, electr_sendrecv, electr_allreduce, electr_barrier, electr_bcast, electr_send, electr_recv
 48 -2 2394.71 39.9913 979.347 1360.3 19.4376 0.339934 0.190312 7.01889 0.0787029 12.4495 0 0 46.6757 38.7449 0.0118847 2.26366 0 0 101.37 53.293 71.1392 0.16159 0 0 
 48 -1 2394.71 40.8289 979.347 1360.3 19.4554 0.709318 0.203433 10.6189 0.100108 12.4495 3.26686 0 46.6757 44.6659 0.0121355 2.37016 0 0 243.414 70.4437 76.8015 0.172174 0 0 
 48 0 2394.71 40.0389 979.346 1360.3 10.6707 0.709318 0.203433 0.000570774 0.013387 0 3.26686 0 43.3009 13.341 0.00969672 0.497799 0 0 243.414 70.4437 44.6011 0.0852892 0 0 
 48 1 2394.71 39.9999 979.346 1360.3 19.4486 0.0508733 0.050756 10.6189 0.029398 8.85665 0 0 33.9411 26.3241 0.0109234 2.25738 0 0 16.5069 17.1152 76.6575 0.152086 0 0 
 48 2 2394.71 40.0044 979.346 1360.3 19.4376 0.0397251 0.0594289 10.606 0.0307801 8.86043 0 0 35.0593 38.5235 0.0109968 2.2838 0 0 13.77 20.694 76.8015 0.147161 0 0 
 48 3 2394.71 39.9887 979.346 1360.3 19.4526 0.0637159 0.0506403 10.5957 0.032903 8.88214 0 0 34.3092 39.8244 0.00585723 2.25413 0 0 20.1828 15.6051 76.1029 0.146956 0 0 
 48 4 2394.71 39.9956 979.346 1360.3 19.4451 0.0564964 0.0603273 10.5841 0.033967 8.88466 0 0 35.8875 43.469 0.00600028 2.32781 0 0 23.6784 18.5354 76.5398 0.146961 0 0 
 48 5 2394.71 39.9985 979.347 1360.3 19.4281 0.046772 0.0487399 10.5702 0.013963 8.87162 0 0 29.8451 37.723 0.00276232 1.87856 0 0 13.2219 17.928 76.5418 0.144766 0 0 
 48 6 2394.71 39.9936 979.346 1360.3 19.4528 0.0433502 0.0589573 10.5608 0.035254 8.91866 0 0 33.885 38.8998 0.00582957 2.37016 0 0 15.0271 20.3774 76.4222 0.145401 0 0 
 48 7 2394.71 39.99 979.346 1360.3 19.4554 0.0767639 0.0371501 10.5502 0.033812 8.93022 0 0 38.2664 37.7317 0.0103276 2.32411 0 0 25.6966 12.9504 75.7969 0.145131 0 0 
 48 8 2394.71 39.998 979.346 1360.3 19.44 0.0879977 0.0354903 10.5326 0.0369549 8.93961 0 0 35.7293 44.2498 0.0106077 2.13137 0 0 21.1744 9.03615 70.3584 0.143247 0 0 
 48 9 2394.71 40.0007 979.346 1360.3 19.428 0.0488896 0.0542192 10.5227 0.0200381 8.94483 0 0 29.7949 35.6434 0.0115478 1.93593 0 0 17.0288 6.48303 70.5504 0.143887 0 0 
 48 10 2394.71 39.9974 979.346 1360.3 19.4392 0.0401087 0.0667219 10.5111 0.0288401 8.96146 0 0 30.4288 37.9645 0.0117304 1.95159 0 0 13.9186 9.42147 71.0113 0.143981 0 0 
 48 11 2394.71 39.9968 979.346 1360.3 19.4321 0.056304 0.0617337 10.4999 0.0279069 8.96283 0 0 29.9566 40.6561 0.0118787 1.96658 0 0 19.4756 8.86289 69.8055 0.143501 0 0 
 48 12 2394.71 39.9919 979.346 1360.3 19.4548 0.0466826 0.0724041 10.4898 0.0267529 8.99582 0 0 31.3578 42.8768 0.0119328 2.04704 0 0 20.1128 12.9438 70.3926 0.143541 0 0 
 48 13 2394.71 39.992 979.346 1360.3 19.4425 0.0480671 0.057514 10.4791 0.023978 8.99964 0 0 30.7104 35.0584 0.0119245 1.98925 0 0 16.4832 9.98301 70.5868 0.143809 0 0 
 48 14 2394.71 39.9938 979.346 1360.3 19.4422 0.0578485 0.0652237 10.4685 0.021666 9.01152 0 0 30.1167 37.3858 0.0121355 1.96769 0 0 12.4441 13.3288 70.0065 0.144214 0 0 
 48 15 2394.71 39.9905 979.347 1360.3 19.441 0.057461 0.0491683 10.4502 0.0285699 9.02725 0 0 41.3404 41.3309 0.0110645 1.61007 0 0 22.7036 6.3822 69.5756 0.143635 0 0 
 48 16 2394.71 40.0279 979.346 1360.3 19.3206 0.0402896 0.0570185 10.4367 0.0844998 8.91304 0 0 39.6312 32.343 0.0110722 1.96125 0 0 13.5152 7.89439 69.042 0.167823 0 0 
 48 17 2394.71 39.9893 979.346 1360.3 19.4383 0.0505276 0.0617628 10.4247 0.0912631 9.04506 0 0 31.4536 32.9846 0.0108328 2.10231 0 0 14.2327 8.1958 70.8994 0.172174 0 0 
 48 18 2394.71 39.9927 979.346 1360.3 19.4313 0.0458646 0.0658135 10.4135 0.0906999 9.0528 0 0 32.7055 30.0281 0.0107317 2.03213 0 0 15.8169 11.6746 71.3683 0.167735 0 0 
 48 19 2394.71 39.9871 979.346 1360.3 19.4367 0.058187 0.0604715 10.402 0.0916703 9.06938 0 0 30.9726 37.4678 0.0111117 2.06768 0 0 20.9826 8.64588 70.4789 0.169285 0 0 
 48 20 2394.71 39.993 979.346 1360.3 19.4475 0.0545754 0.0734849 10.3912 0.100108 9.08678 0 0 31.2177 42.5648 0.0112786 2.12943 0 0 17.7654 12.6942 71.0501 0.169977 0 0 
 48 21 2394.71 39.9939 979.346 1360.3 19.4476 0.0505204 0.0683455 10.3726 0.0972979 9.09557 0 0 31.0093 32.8749 0.0108905 2.04664 0 0 17.9965 7.98051 71.2334 0.169776 0 0 
 48 22 2394.71 39.995 979.346 1360.3 19.4288 0.0644975 0.0736566 10.361 0.0963202 9.09896 0 0 30.8563 29.9538 0.0110734 2.04048 0 0 13.621 10.5223 70.7555 0.166758 0 0 
 48 23 2394.71 40.8289 979.346 1360.3 18.6125 0.0656083 0.0548265 9.56919 0.0834167 9.0757 0 0 35.6796 35.2934 0.010535 2.22814 0 0 20.4553 5.82535 70.0952 0.167849 0 0 
 48 24 2394.71 39.9985 979.346 1360.3 19.4298 0.0566404 0.0644591 9.5575 0.0870039 9.90366 0 0 35.6931 37.7425 0.0106452 2.14243 0 0 22.5814 8.95324 70.617 0.166231 0 0 
 48 25 2394.71 39.9918 979.346 1360.3 19.3996 0.0520577 0.0574074 9.54495 0.0903077 9.88855 0 0 30.071 36.761 0.0106497 1.95845 0 0 18.8287 5.86522 70.6348 0.164305 0 0 
 48 26 2394.71 39.9948 979.346 1360.3 19.4434 0.0409408 0.0684147 9.53479 0.09448 9.93604 0 0 30.1759 34.6496 0.0108132 1.94329 0 0 14.284 9.03019 71.2309 0.165988 0 0 
 48 27 2394.71 39.9954 979.346 1360.3 19.4518 0.0584276 0.0632682 9.52279 0.0885499 9.95348 0 0 30.8861 42.0496 0.0108979 1.95703 0 0 19.3294 8.06101 70.2669 0.165789 0 0 
 48 28 2394.71 39.9952 979.346 1360.3 19.4285 0.0498836 0.0689473 9.50361 0.0950468 9.95591 0 0 31.4042 36.4721 0.0110769 1.96074 0 0 17.5805 11.3395 70.6026 0.165986 0 0 
 48 29 2394.71 39.9916 979.346 1360.3 19.4472 0.0527415 0.0546534 9.49325 0.0880761 9.98689 0 0 31.2121 37.8774 0.0111122 2.0277 0 0 14.9298 8.88049 70.9327 0.166369 0 0 
 48 30 2394.71 39.9955 979.346 1360.3 17.0953 0.0419312 0.0624459 7.23442 0.0866008 9.89357 0 0 30.2578 38.9545 0.0112638 1.88409 0 0 13.1053 11.6238 70.2542 0.165542 0 0 
 48 31 2394.71 39.994 979.347 1360.3 19.4434 0.0618875 0.047682 7.22283 0.0872819 12.2528 0 0 41.2538 44.0167 0.0118699 2.16621 0 0 18.632 6.58769 69.7771 0.165215 0 0 
 48 32 2394.71 40.0211 979.347 1360.3 19.3316 0.0457659 0.0547595 7.21165 0.0827079 12.1521 0 0 40.0621 31.8628 0.0115442 2.03357 0 0 13.8329 9.23322 68.7273 0.16404 0 0 
 48 33 2394.71 39.9897 979.346 1360.3 19.4072 0.0436556 0.0579855 7.20005 0.0862372 12.2381 0 0 31.8715 34.2867 0.0111432 2.0027 0 0 13.8305 8.86114 70.4904 0.164798 0 0 
 48 34 2394.71 39.9987 979.346 1360.3 19.4406 0.0490036 0.0675671 7.18802 0.0873892 12.2827 0 0 33.5911 30.2071 0.0113451 2.09038 0 0 13.8298 13.4457 71.0697 0.165041 0 0 
 48 35 2394.71 39.9906 979.346 1360.3 19.4457 0.0615225 0.0574031 7.17014 0.0854073 12.311 0 0 31.5046 36.0477 0.01127 2.11644 0 0 22.9711 7.14678 70.0512 0.164917 0 0 
 48 36 2394.71 39.995 979.346 1360.3 19.4421 0.0550797 0.0742798 7.1593 0.0955009 12.3112 0 0 31.2525 33.2886 0.0112927 2.08891 0 0 22.082 10.1426 70.6712 0.165179 0 0 
 48 37 2394.71 39.996 979.346 1360.3 19.4365 0.0520017 0.060694 7.14911 0.0910501 12.3183 0 0 31.4134 29.7412 0.011358 2.04349 0 0 13.8779 8.90158 71.1554 0.165209 0 0 
 48 38 2394.71 39.9948 979.346 1360.3 19.4422 0.0448205 0.0678644 7.13728 0.087606 12.3365 0 0 31.3375 26.568 0.0114086 2.02178 0 0 13.3213 11.1965 70.4423 0.163345 0 0 
 48 39 2394.71 39.9926 979.346 1360.3 19.4456 0.0560091 0.0557601 7.12471 0.0790172 12.3553 0 0 35.1933 37.3216 0.0107865 2.12504 0 0 21.8763 5.49557 69.8171 0.163379 0 0 
 48 40 2394.71 39.9961 979.346 1360.3 19.4188 0.071044 0.0815749 7.11393 0.088568 12.3353 0 0 36.934 31.334 0.0109031 2.16433 0 0 21.424 10.8673 70.6173 0.161785 0 0 
 48 41 2394.71 39.9973 979.347 1360.3 17.0885 0.0464947 0.0851288 7.0944 0.0841322 10.0253 0 0 29.6152 40.0728 0.0109611 1.97693 0 0 16.3999 9.95664 70.4978 0.161883 0 0 
 48 42 2394.71 39.9962 979.347 1360.3 19.443 0.0427103 0.0894277 7.07545 0.0722508 12.4007 0 0 30.0392 41.929 0.0109148 2.02378 0 0 13.4715 13.4265 71.4042 0.161849 0 0 
 48 43 2394.71 39.9936 979.347 1360.3 19.4463 0.0554249 0.0811098 7.06484 0.0825801 12.4152 0 0 30.4421 42.0755 0.0112338 2.03232 0 0 20.0492 11.472 70.2736 0.161507 0 0 
 48 44 2394.71 39.9918 979.347 1360.3 19.4538 0.0499499 0.0958247 7.0526 0.0932052 12.4302 0 0 30.1161 44.6659 0.0114241 2.15831 0 0 15.361 14.8595 70.5299 0.161516 0 0 
 48 45 2394.71 39.9956 979.346 1360.3 19.4295 0.0517848 0.0807412 7.04155 0.083286 12.4233 0 0 35.2855 35.0279 0.011143 2.08606 0 0 17.3056 11.1329 70.6605 0.161429 0 0 
 48 46 2394.71 39.9906 979.347 1360.3 19.4437 0.0399964 0.0903635 7.03061 0.083102 12.4455 0 0 34.2778 38.5638 0.0113614 2.10292 0 0 13.5003 13.5469 70.101 0.16155 0 0 
 48 47 2394.71 39.9913 979.347 1360.3 19.4376 0.339934 0.190312 7.01889 0.0787029 12.4495 0 0 46.6757 38.7449 0.0118847 2.26366 0 0 101.37 53.293 71.1392 0.16159 0 0 
