# cpu total, setup, strain, electr, fileio, sendrecev, allreduce, barrier, bcast, send, receive, matmul, strain_sendrecv, strain_allreduce, strain_barrier, strain_bcast, strain_send, strain_recv, electr_sendrecv, electr_allreduce, electr_barrier, electr_bcast, electr_send, electr_recv
 32 -2 58096.8 27.4183 4544.21 53506.4 20.9343 0 0.000938892 7.57265 0.00870109 13.4413 0 0 138.438 199.597 0.00838852 12.8646 0 0 803.948 532.115 40622.8 0.518137 0 0 
 32 -1 58096.8 27.9791 4544.21 53506.4 20.9486 0 0.0016849 10.1754 0.0396652 13.4413 2.31556 0 138.438 199.597 0.00921416 13.7134 0 0 1949.08 565.928 40623.5 0.550252 0 0 
 32 0 58096.8 27.4444 4544.21 53506.4 10.1394 0 3.29018e-05 0.000268459 0.0221272 0 2.31556 0 116.075 61.4114 0.00624204 1.20587 0 0 1949.08 565.928 1.52666 0.550252 0 0 
 32 1 58096.8 27.4127 4544.21 53506.4 20.9483 0 0.0016849 10.1754 0.00798082 10.8519 0 0 122.565 173.329 0.00828362 13.4461 0 0 158.374 127.972 40623.4 0.306864 0 0 
 32 2 58096.8 27.4147 4544.21 53506.4 20.9417 0 0.00118685 10.1571 0.0311849 10.8639 0 0 123.96 172.047 0.00841522 12.917 0 0 131.126 152.414 40623.4 0.306626 0 0 
 32 3 58096.8 27.4134 4544.21 53506.4 20.9486 0 0.00141978 10.1392 0.0272627 10.8867 0 0 121.991 155.036 0.0082593 13.5596 0 0 164.124 125.401 40623.3 0.314764 0 0 
 32 4 58096.8 27.4121 4544.21 53506.4 20.9416 0 0.00113583 10.1223 0.0247669 10.8952 0 0 125.122 171.994 0.00842929 13.5869 0 0 146.461 150.132 40623.4 0.30421 0 0 
 32 5 58096.8 27.4158 4544.21 53506.4 20.9403 0 0.00111389 10.1044 0.0311799 10.9147 0 0 96.2142 194.407 0.00553036 13.7134 0 0 130.332 157.1 40623.4 0.307704 0 0 
 32 6 58096.8 27.4153 4544.21 53506.4 20.9317 0 0.00114083 10.0886 0.0207131 10.918 0 0 94.2052 196.621 0.00422502 13.3584 0 0 151.728 178.103 40623.4 0.288983 0 0 
 32 7 58096.8 27.4123 4544.21 53506.4 20.9462 0 0.00118899 10.0707 0.0296209 10.9544 0 0 128.473 181.969 0.00574446 12.992 0 0 261.085 95.6888 40623.4 0.293626 0 0 
 32 8 58096.8 27.4144 4544.21 53506.4 20.9388 0 0.00103378 10.0526 0.0250621 10.9659 0 0 112.073 185.396 0.00544262 12.8548 0 0 158.208 42.2649 40623.5 0.280715 0 0 
 32 9 58096.8 27.4201 4544.21 53506.4 20.9347 0 0.00101686 10.0347 0.024435 10.9746 0 0 95.3899 171.298 0.0082767 12.3654 0 0 131.581 42.7424 40623.4 0.283978 0 0 
 32 10 58096.8 27.4178 4544.21 53506.4 20.9364 0 0.000959873 10.0152 0.024451 11.0017 0 0 94.2965 190.202 0.00808954 12.6053 0 0 121.144 70.1713 40623.4 0.284308 0 0 
 32 11 58096.8 27.4121 4544.21 53506.4 20.9463 0 0.00111198 9.99689 0.0231791 11.0298 0 0 96.1505 188.904 0.00820303 12.455 0 0 183.179 51.8283 40623.4 0.282923 0 0 
 32 12 58096.8 27.4152 4544.21 53506.4 20.944 0 0.00105882 9.97925 0.02718 11.0455 0 0 97.0723 180.554 0.00837874 12.5292 0 0 164.432 70.6325 40623.4 0.280711 0 0 
 32 13 58096.8 27.4166 4544.21 53506.4 19.3761 0 0.000992775 8.46076 0.024586 10.993 0 0 95.8453 173.151 0.00833607 12.5262 0 0 140.827 48.9412 40623.4 0.282694 0 0 
 32 14 58096.8 27.4139 4544.21 53506.4 20.9409 0 0.0009408 8.44288 0.0234191 12.5758 0 0 95.0904 175.222 0.00837612 12.2422 0 0 114.378 64.965 40623.4 0.285249 0 0 
 32 15 58096.8 27.4138 4544.21 53506.4 20.9446 0 0.00101686 8.4249 0.0228651 12.6005 0 0 118.696 175.325 0.00799394 11.934 0 0 137.78 72.2141 40623.4 0.283171 0 0 
 32 16 58096.8 27.4393 4544.21 53506.4 20.8681 0 0.00150204 8.40631 0.0317693 12.5359 0 0 112.878 110.625 0.00921416 12.9312 0 0 116.138 125.914 40622.9 0.53583 0 0 
 32 17 58096.8 27.9791 4544.21 53506.4 20.3378 0 0.00163603 7.86095 0.0229962 12.5553 0 0 99.9529 154.32 0.00859547 12.8551 0 0 205.626 132.061 40622.8 0.545841 0 0 
 32 18 58096.8 27.4193 4544.21 53506.4 20.9418 0 0.00151992 7.84305 0.0396652 13.1754 0 0 104.285 167.325 0.00861239 13.5661 0 0 255.02 155.664 40622.8 0.547249 0 0 
 32 19 58096.8 27.4216 4544.21 53506.4 20.9405 0 0.00150609 7.8237 0.0351183 13.1955 0 0 98.3952 125.006 0.00839019 13.04 0 0 184.99 200.723 40622.8 0.546175 0 0 
 32 20 58096.8 27.4523 4544.21 53506.4 20.9106 0 0.00148392 7.80428 0.0267353 13.1838 0 0 97.1613 171.78 0.00850987 12.9894 0 0 109.61 238.823 40622.8 0.539072 0 0 
 32 21 58096.8 27.4202 4544.21 53506.4 20.9425 0 0.00159192 7.78548 0.0340941 13.2365 0 0 97.6603 173.749 0.0083797 13.2168 0 0 189.244 159.893 40622.8 0.542671 0 0 
 32 22 58096.8 27.4194 4544.21 53506.4 20.941 0 0.00147414 7.76639 0.0340681 13.2384 0 0 96.6038 167.41 0.00850391 12.7952 0 0 164.991 175.407 40622.8 0.526911 0 0 
 32 23 58096.8 27.4211 4544.21 53506.4 20.9299 0 0.00148892 7.74802 0.033711 13.2596 0 0 112.453 154.11 0.00857496 12.7007 0 0 169.908 126.682 40622.8 0.531085 0 0 
 32 24 58096.8 27.4217 4544.21 53506.4 20.9178 0 0.00156999 7.72836 0.0105631 13.2682 0 0 119.215 144.196 0.00824833 12.6888 0 0 147.037 184.148 40622.9 0.522158 0 0 
 32 25 58096.8 27.4212 4544.21 53506.4 20.9327 0 0.00159597 7.6902 0.0173969 13.3212 0 0 93.2365 174.689 0.00821471 12.4153 0 0 148.474 177.831 40622.8 0.518703 0 0 
 32 26 58096.8 27.421 4544.21 53506.4 20.936 0 0.00160098 7.66998 0.00597906 13.3458 0 0 93.2455 181.243 0.00837994 12.7876 0 0 132.77 210.148 40622.8 0.516029 0 0 
 32 27 58096.8 27.4221 4544.21 53506.4 20.9399 0 0.00160503 7.65093 0.00715518 13.3685 0 0 93.0192 183.691 0.0084064 12.3356 0 0 155.017 185.656 40622.8 0.516377 0 0 
 32 28 58096.8 27.4202 4544.21 53506.4 20.9378 0 0.00157094 7.62869 0.0102501 13.3865 0 0 92.4533 149.981 0.00847101 12.2908 0 0 119.469 210.162 40622.8 0.517562 0 0 
 32 29 58096.8 27.4256 4544.21 53506.4 20.9385 0 0.0014329 7.61099 0.00179815 13.4051 0 0 117.047 169.164 0.00811267 12.7178 0 0 160.362 188.873 40622.8 0.518147 0 0 
 32 30 58096.8 27.4239 4544.21 53506.4 20.9291 0 0.00114393 7.59128 0.011055 13.4148 0 0 113.803 141.123 0.00820446 12.5508 0 0 120.82 200.75 40622.8 0.516655 0 0 
 32 31 58096.8 27.4183 4544.21 53506.4 20.9343 0 0.000938892 7.57265 0.00870109 13.4413 0 0 138.438 199.597 0.00838852 12.8646 0 0 803.948 532.115 40622.8 0.518137 0 0 
