# cpu total, setup, strain, electr, fileio, sendrecev, allreduce, barrier, bcast, send, receive, matmul, strain_sendrecv, strain_allreduce, strain_barrier, strain_bcast, strain_send, strain_recv, electr_sendrecv, electr_allreduce, electr_barrier, electr_bcast, electr_send, electr_recv
 32 -2 51427.7 26.5132 4553.95 46830.1 18.2037 0 0.000651121 9.05893 0.0577388 9.18661 0 0 141.168 200.972 0.00838995 13.6527 0 0 842.954 524.428 33934.7 0.560412 0 0 
 32 -1 51427.7 26.5132 4553.95 46830.1 18.3295 0 0.001333 9.67716 0.0641007 9.20799 0.338427 0 141.168 206.126 0.00909495 15.5557 0 0 1990.43 542.642 33935.5 0.593905 0 0 
 32 0 51427.7 26.4871 4553.95 46830.1 9.6847 0 3.48091e-05 0.00026989 0.0143387 0 0.338427 0 117.049 34.1182 0.00624728 1.22669 0 0 1990.43 542.642 1.72816 0.553367 0 0 
 32 1 51427.7 26.4642 4553.95 46830.1 18.2691 0 0.0012331 9.67716 0.0206428 8.63121 0 0 123.876 180.336 0.00524807 15.4769 0 0 137.358 117.032 33935.5 0.329179 0 0 
 32 2 51427.7 26.4637 4553.95 46830.1 18.3077 0 0.00080514 9.65896 0.00775695 8.68485 0 0 127.158 189.778 0.00403523 15.5557 0 0 134.289 146.076 33935.4 0.329296 0 0 
 32 3 51427.7 26.4611 4553.95 46830.1 18.3241 0 0.000804186 9.64124 0.0227919 8.72386 0 0 122.537 191.387 0.00542235 15.3821 0 0 158.984 122.121 33935.3 0.330446 0 0 
 32 4 51427.7 26.4628 4553.95 46830.1 18.3125 0 0.00080514 9.62452 0.0338809 8.73061 0 0 125.07 167.311 0.00520802 15.3903 0 0 127.467 144.747 33935.4 0.327024 0 0 
 32 5 51427.7 26.4625 4553.95 46830.1 18.3194 0 0.000895023 9.60678 0.020026 8.75505 0 0 95.5657 206.126 0.00833678 15.3622 0 0 146.439 130.871 33935.4 0.328313 0 0 
 32 6 51427.7 26.4613 4553.95 46830.1 18.3252 0 0.000974178 9.59113 0.0171409 8.77316 0 0 96.5498 194.036 0.00830102 14.5313 0 0 117.605 152.603 33935.4 0.316591 0 0 
 32 7 51427.7 26.4619 4553.95 46830.1 18.3295 0 0.000824213 9.5734 0.0279109 8.79625 0 0 127.766 194.236 0.00809169 15.0005 0 0 276.682 89.6682 33935.4 0.314813 0 0 
 32 8 51427.7 26.4661 4553.95 46830.1 18.3005 0 0.000706196 9.5555 0.0317898 8.78708 0 0 113.278 160.809 0.00813127 13.681 0 0 149.898 40.2689 33935.5 0.309922 0 0 
 32 9 51427.7 26.4657 4553.95 46830.1 18.3142 0 0.000708103 9.53767 0.0239298 8.81835 0 0 94.2903 155.241 0.00789213 13.3239 0 0 184.715 40.1597 33935.5 0.302364 0 0 
 32 10 51427.7 26.4626 4553.95 46830.1 18.3282 0 0.000705004 9.51822 0.03144 8.85458 0 0 96.9472 192.124 0.00805831 13.8149 0 0 135.903 68.0272 33935.4 0.30404 0 0 
 32 11 51427.7 26.462 4553.95 46830.1 18.3179 0 0.000683069 9.49999 0.0251787 8.86126 0 0 95.2276 179.001 0.00808716 13.6097 0 0 138.563 55.4367 33935.4 0.302895 0 0 
 32 12 51427.7 26.465 4553.95 46830.1 18.3141 0 0.000832081 9.48248 0.00918174 8.87556 0 0 96.449 187.921 0.00809622 13.5049 0 0 114.89 83.2878 33935.5 0.304369 0 0 
 32 13 51427.7 26.4638 4553.95 46830.1 18.3284 0 0.00111008 9.46364 0.0274317 8.90895 0 0 97.0339 146.803 0.00795794 13.5251 0 0 195.488 48.7806 33935.4 0.305922 0 0 
 32 14 51427.7 26.4656 4553.95 46830.1 18.322 0 0.000874043 9.44583 0.0300107 8.91574 0 0 96.0324 174.965 0.00808311 13.1673 0 0 118.376 58.713 33935.4 0.305037 0 0 
 32 15 51427.7 26.4647 4553.95 46830.1 18.3217 0 0.000756979 9.42803 0.0278916 8.93781 0 0 117.66 203.176 0.00790215 13.9048 0 0 156.321 62.1054 33935.4 0.305507 0 0 
 32 16 51427.7 26.498 4553.95 46830.1 18.1704 0 0.00124097 9.3481 0.0485678 8.86137 0 0 110.205 134.034 0.00909495 13.7698 0 0 107.917 116.109 33934.7 0.593905 0 0 
 32 17 51427.7 26.4856 4553.95 46830.1 18.2251 0 0.00121999 9.32781 0.0578508 8.93712 0 0 100.693 170.28 0.00826001 13.7062 0 0 245.273 124.514 33934.6 0.586692 0 0 
 32 18 51427.7 26.4718 4553.95 46830.1 18.257 0 0.00127816 9.3098 0.0641007 8.98929 0 0 103.609 146.567 0.00825286 14.0212 0 0 197.67 145.603 33934.7 0.589334 0 0 
 32 19 51427.7 26.4705 4553.95 46830.1 18.2601 0 0.00119805 9.29063 0.0553048 9.01062 0 0 97.4992 162.52 0.00846219 13.7706 0 0 148.101 188.035 33934.6 0.586809 0 0 
 32 20 51427.7 26.4716 4553.95 46830.1 18.2609 0 0.00123811 9.27123 0.0575018 9.03214 0 0 98.7492 126.539 0.00847936 13.8386 0 0 123.555 222.391 33934.6 0.589603 0 0 
 32 21 51427.7 26.4727 4553.95 46830.1 18.2586 0 0.0012641 9.25274 0.0621488 9.04328 0 0 98.9349 167.798 0.00813866 13.7587 0 0 171.988 149.062 33934.6 0.588922 0 0 
 32 22 51427.7 26.4708 4553.95 46830.1 18.2532 0 0.00124598 9.23361 0.051378 9.06082 0 0 96.9551 164.761 0.00828886 13.7497 0 0 153.528 168.132 33934.7 0.576026 0 0 
 32 23 51427.7 26.4742 4553.95 46830.1 18.2441 0 0.0012331 9.21542 0.00557494 9.07181 0 0 110.471 193.19 0.00839853 13.3536 0 0 162.968 120.492 33934.7 0.571321 0 0 
 32 24 51427.7 26.4797 4553.95 46830.1 18.2454 0 0.00128698 9.1958 0.0590789 9.09088 0 0 117.922 152.558 0.00812602 13.2145 0 0 160.156 184.21 33934.7 0.569536 0 0 
 32 25 51427.7 26.4736 4553.95 46830.1 18.2534 0 0.00132203 9.17798 0.0537767 9.11795 0 0 93.9633 163.794 0.00816011 12.9634 0 0 142.417 171.57 33934.8 0.56267 0 0 
 32 26 51427.7 26.4751 4553.95 46830.1 18.2546 0 0.0012939 9.15789 0.0526497 9.13942 0 0 93.0761 182.689 0.00829768 13.0475 0 0 137.852 200.898 33934.7 0.564656 0 0 
 32 27 51427.7 26.471 4553.95 46830.1 18.2568 0 0.00129008 9.13989 0.0519578 9.15846 0 0 93.5783 201.637 0.00832248 12.8342 0 0 150.717 189.762 33934.7 0.565508 0 0 
 32 28 51427.7 26.4722 4553.95 46830.1 18.2607 0 0.001333 9.11952 0.054153 9.18431 0 0 93.5406 160.667 0.00820112 12.9789 0 0 169.757 218.757 33934.7 0.563686 0 0 
 32 29 51427.7 26.4735 4553.95 46830.1 18.2525 0 0.00111198 9.10202 0.0486829 9.19324 0 0 120.399 183.186 0.00805068 13.1679 0 0 162.728 184.658 33934.7 0.56235 0 0 
 32 30 51427.7 26.4708 4553.95 46830.1 18.2503 0 0.000873089 9.08241 0.056951 9.20799 0 0 116.652 185.628 0.00823975 12.9217 0 0 128.722 197.347 33934.7 0.56125 0 0 
 32 31 51427.7 26.5132 4553.95 46830.1 18.2037 0 0.000651121 9.05893 0.0577388 9.18661 0 0 141.168 200.972 0.00838995 13.6527 0 0 842.954 524.428 33934.7 0.560412 0 0 
