# cpu total, setup, strain, electr, fileio, sendrecev, allreduce, barrier, bcast, send, receive, matmul, strain_sendrecv, strain_allreduce, strain_barrier, strain_bcast, strain_send, strain_recv, electr_sendrecv, electr_allreduce, electr_barrier, electr_bcast, electr_send, electr_recv
 48 -2 1894.8 40.303 557.24 1283.12 18.4891 0.316088 0.192539 7.01474 0.0516577 11.5076 0 0 23.6112 20.0021 0.0101037 1.42386 0 0 93.0434 52.8049 60.6564 0.156615 0 0 
 48 -1 1894.8 40.3478 557.241 1283.12 18.4992 0.709183 0.206446 9.81926 0.20545 11.5076 2.47004 0 26.3133 25.791 0.0101037 1.49385 0 0 230.757 63.8808 66.6622 0.16064 0 0 
 48 0 1894.8 40.346 557.241 1283.12 9.86781 0.709183 0.206446 0.000672579 0.192956 0 2.47004 0 21.1023 12.2828 0.00814342 0.320724 0 0 230.757 63.8808 43.7983 0.0817018 0 0 
 48 1 1894.8 40.3155 557.241 1283.12 18.477 0.0549419 0.0484753 9.81926 0.197829 8.6855 0 0 20.0695 21.5654 0.00947046 1.38272 0 0 13.7583 16.7627 66.5213 0.141852 0 0 
 48 2 1894.8 40.3158 557.24 1283.12 18.4814 0.0415699 0.0617855 9.80634 0.195536 8.69918 0 0 20.7645 22.911 0.00951552 1.37233 0 0 13.0447 19.474 66.6622 0.139276 0 0 
 48 3 1894.8 40.2979 557.24 1283.12 18.4869 0.0515733 0.0519526 9.79596 0.201368 8.72031 0 0 20.1156 18.9323 0.00968027 1.35487 0 0 17.2935 19.3787 66.0291 0.139168 0 0 
 48 4 1894.8 40.3077 557.24 1283.12 16.1504 0.0531452 0.0638039 7.54528 0.202818 8.6312 0 0 21.1877 24.7158 0.00972271 1.40568 0 0 16.6415 23.2916 66.5084 0.139319 0 0 
 48 5 1894.8 40.3124 557.241 1283.12 18.4815 0.0541446 0.0477078 7.53333 0.204832 10.9753 0 0 17.0618 24.4429 0.00946736 1.35511 0 0 19.6239 17.4872 66.6613 0.139366 0 0 
 48 6 1894.8 40.3023 557.241 1283.12 18.4992 0.0423439 0.0602348 7.52373 0.204717 10.9997 0 0 17.42 22.8112 0.00962782 1.36107 0 0 12.5649 19.8183 66.3574 0.1381 0 0 
 48 7 1894.8 40.3006 557.24 1283.12 18.4965 0.0713475 0.0386081 7.51321 0.20545 11.0102 0 0 21.1408 18.5208 0.00909662 1.35014 0 0 23.5001 13.9641 65.8115 0.138052 0 0 
 48 8 1894.8 40.3081 557.24 1283.12 18.4746 0.0890131 0.0378339 7.49542 0.169134 11.0128 0 0 19.9049 15.2452 0.00918674 1.2823 0 0 21.2781 8.82292 60.8273 0.136669 0 0 
 48 9 1894.8 40.3077 557.24 1283.12 18.4767 0.0481837 0.0641561 7.48553 0.198453 11.0267 0 0 16.9398 16.367 0.00923991 1.24807 0 0 16.9681 6.49341 60.7695 0.136697 0 0 
 48 10 1894.8 40.3062 557.241 1283.12 18.4772 0.0514269 0.0732625 7.47385 0.195187 11.0362 0 0 16.6481 17.7179 0.00947952 1.21098 0 0 13.2433 9.93342 61.2052 0.136694 0 0 
 48 11 1894.8 40.3478 557.241 1283.12 18.399 0.0524421 0.0610669 7.46266 0.19623 10.9735 0 0 16.8778 25.791 0.00957084 1.23447 0 0 17.1723 6.31778 60.0351 0.136832 0 0 
 48 12 1894.8 40.3088 557.241 1283.12 18.483 0.0462265 0.0723994 7.4525 0.19634 11.067 0 0 17.4634 24.7106 0.00949812 1.23396 0 0 19.0943 9.44895 60.9123 0.136589 0 0 
 48 13 1894.8 40.3199 557.241 1283.12 18.4568 0.0538368 0.059757 7.44168 0.1938 11.0499 0 0 19.7435 20.308 0.00496674 1.2888 0 0 15.218 7.62665 60.862 0.136707 0 0 
 48 14 1894.8 40.3162 557.241 1283.12 18.4561 0.0389361 0.0655551 7.43014 0.18261 11.0595 0 0 17.6036 20.2585 0.00249171 0.978292 0 0 12.3621 9.47499 60.1781 0.134115 0 0 
 48 15 1894.8 40.3059 557.241 1283.12 18.4773 0.0875344 0.051527 7.41174 0.199232 11.0927 0 0 26.3133 21.1261 0.00533938 1.02189 0 0 16.8013 8.35442 59.945 0.13657 0 0 
 48 16 1894.8 40.3398 557.241 1283.12 18.3608 0.0414674 0.0531962 7.39938 0.0424087 10.9935 0 0 25.2218 14.0873 0.00540352 1.29822 0 0 11.6477 11.7203 59.0284 0.159761 0 0 
 48 17 1894.8 40.3093 557.241 1283.12 18.4784 0.0545013 0.0533528 7.38716 0.0456259 11.1301 0 0 17.7363 19.1991 0.00853753 1.32012 0 0 14.9758 10.0422 60.7675 0.160637 0 0 
 48 18 1894.8 40.3052 557.24 1283.12 18.4777 0.0457687 0.0641832 7.37586 0.0494821 11.1387 0 0 18.256 22.3755 0.00881362 1.31395 0 0 12.7256 13.7374 61.3551 0.160549 0 0 
 48 19 1894.8 40.3033 557.24 1283.12 18.496 0.0604582 0.0607591 7.36437 0.0471249 11.164 0 0 17.3669 21.1548 0.00889564 1.34342 0 0 23.1141 8.77115 60.4411 0.160479 0 0 
 48 20 1894.8 40.3091 557.24 1283.12 18.4774 0.0581179 0.0714252 7.35328 0.0491481 11.1547 0 0 17.6002 23.8081 0.00899076 1.39757 0 0 19.5248 12.5326 60.9692 0.16064 0 0 
 48 21 1894.8 40.3077 557.24 1283.12 18.4897 0.0521657 0.0561564 7.33412 0.0495939 11.1901 0 0 17.3325 18.7995 0.0086863 1.34094 0 0 17.768 7.82042 61.2013 0.160592 0 0 
 48 22 1894.8 40.3094 557.241 1283.12 18.4782 0.0444458 0.063777 7.32283 0.0418191 11.1902 0 0 17.3547 21.0984 0.0087893 1.30952 0 0 12.8131 9.75391 60.7693 0.159381 0 0 
 48 23 1894.8 40.3063 557.24 1283.12 18.4841 0.0626287 0.0456221 7.31258 0.03953 11.2105 0 0 19.8459 23.4629 0.00815892 1.37255 0 0 18.8606 6.71714 60.0604 0.159207 0 0 
 48 24 1894.8 40.3082 557.241 1283.12 18.4757 0.100349 0.0565457 7.30078 0.043889 11.2102 0 0 20.4739 22.144 0.00835133 1.47488 0 0 22.2 9.00036 60.8869 0.15749 0 0 
 48 25 1894.8 40.3065 557.241 1283.12 18.4464 0.0459402 0.0582211 7.28808 0.0452318 11.1908 0 0 16.7856 19.8321 0.00832009 1.36116 0 0 15.5347 9.80212 60.9985 0.157566 0 0 
 48 26 1894.8 40.3118 557.241 1283.12 18.4717 0.0405264 0.0615859 7.27707 0.046371 11.2328 0 0 17.3458 16.1055 0.00847912 1.32526 0 0 13.2117 14.2459 61.621 0.157258 0 0 
 48 27 1894.8 40.3126 557.24 1283.12 18.4799 0.0584641 0.0572927 7.26581 0.051949 11.2473 0 0 17.1764 23.209 0.00857687 1.36582 0 0 19.4173 8.72155 60.5251 0.157469 0 0 
 48 28 1894.8 40.3097 557.24 1283.12 18.4624 0.0445254 0.0654924 7.24643 0.0424199 11.2476 0 0 17.4761 23.509 0.0087893 1.35643 0 0 17.5685 11.9011 60.7672 0.157491 0 0 
 48 29 1894.8 40.309 557.241 1283.12 18.4794 0.0568037 0.0475678 7.23596 0.040694 11.2821 0 0 17.6399 19.3865 0.0088377 1.39024 0 0 14.4695 9.35635 60.9901 0.157492 0 0 
 48 30 1894.8 40.3083 557.241 1283.12 18.4687 0.0434821 0.0585301 7.22372 0.0125329 11.2808 0 0 17.1692 24.7899 0.00895119 1.3638 0 0 12.1558 11.3868 60.5226 0.157527 0 0 
 48 31 1894.8 40.3046 557.241 1283.12 18.471 0.0551658 0.0436451 7.21208 0.0405672 11.2966 0 0 24.795 23.9692 0.00946069 1.49385 0 0 18.9801 7.16701 60.1539 0.157367 0 0 
 48 32 1894.8 40.34 557.24 1283.12 18.3707 0.0417705 0.0574827 7.20081 0.0526431 11.2037 0 0 23.9779 11.9729 0.00915313 1.27079 0 0 11.4793 8.70732 58.9104 0.158736 0 0 
 48 33 1894.8 40.3081 557.24 1283.12 18.4815 0.05709 0.0572784 7.18907 0.054517 11.3235 0 0 17.8745 18.9877 0.00902414 1.27221 0 0 17.2106 6.89518 60.797 0.159849 0 0 
 48 34 1894.8 40.3073 557.24 1283.12 18.4831 0.0463686 0.0660694 7.17673 0.0534089 11.3412 0 0 18.3528 18.3979 0.00914359 1.31517 0 0 12.8748 9.74988 61.0293 0.159422 0 0 
 48 35 1894.8 40.3069 557.24 1283.12 18.4871 0.0590928 0.0629261 7.15895 0.0557573 11.3613 0 0 17.6451 23.5839 0.009444 1.30956 0 0 15.6679 8.64754 60.2102 0.159347 0 0 
 48 36 1894.8 40.3094 557.24 1283.12 18.4824 0.0675285 0.0740557 7.14782 0.059005 11.3662 0 0 17.9307 17.6735 0.00927472 1.28488 0 0 17.3022 12.6822 60.7842 0.159801 0 0 
 48 37 1894.8 40.312 557.24 1283.12 18.4803 0.056035 0.0611961 7.13749 0.0541661 11.3735 0 0 17.6905 15.5712 0.00914598 1.37862 0 0 17.3438 7.63357 60.9291 0.160193 0 0 
 48 38 1894.8 40.3163 557.24 1283.12 18.4753 0.0440435 0.0680745 7.12567 0.0461628 11.3831 0 0 17.6241 20.6378 0.00931096 1.26095 0 0 12.746 9.97436 60.4681 0.158131 0 0 
 48 39 1894.8 40.3169 557.24 1283.12 18.4741 0.0570462 0.0592616 7.11286 0.0581908 11.3921 0 0 20.2394 22.8451 0.00888872 1.35755 0 0 24.1295 3.89341 59.8742 0.158456 0 0 
 48 40 1894.8 40.3086 557.24 1283.12 18.4691 0.069952 0.0798295 7.10204 0.057122 11.4021 0 0 20.9493 21.1626 0.00874066 1.44837 0 0 23.2206 10.4234 60.1298 0.156949 0 0 
 48 41 1894.8 40.3144 557.24 1283.12 18.4662 0.04759 0.0889482 7.09076 0.0484669 11.4075 0 0 17.0211 17.8382 0.00885367 1.31274 0 0 13.407 10.9057 60.1045 0.156045 0 0 
 48 42 1894.8 40.3107 557.24 1283.12 18.4818 0.0398347 0.0930464 7.07162 0.052772 11.4465 0 0 17.5204 22.561 0.00898814 1.33864 0 0 13.48 13.9447 60.6629 0.158039 0 0 
 48 43 1894.8 40.3103 557.24 1283.12 18.4758 0.088516 0.085011 7.06103 0.0570028 11.4497 0 0 17.0971 24.6304 0.00929904 1.32417 0 0 21.1662 11.6135 59.8689 0.156547 0 0 
 48 44 1894.8 40.3067 557.24 1283.12 18.4857 0.0489807 0.0924404 7.04868 0.0514181 11.4736 0 0 17.0832 23.1547 0.00938272 1.37898 0 0 18.3107 14.6225 60.4846 0.156906 0 0 
 48 45 1894.8 40.3103 557.24 1283.12 18.4698 0.0512376 0.0823672 7.03756 0.0534272 11.4695 0 0 19.869 19.4066 0.00928473 1.37177 0 0 13.7216 13.2786 60.4113 0.156783 0 0 
 48 46 1894.8 40.3144 557.24 1283.12 18.4725 0.0406096 0.093879 7.02654 0.0531952 11.4778 0 0 19.4937 20.4368 0.009516 1.33895 0 0 12.7237 15.769 59.8367 0.15632 0 0 
 48 47 1894.8 40.303 557.24 1283.12 18.4891 0.316088 0.192539 7.01474 0.0516577 11.5076 0 0 23.6112 20.0021 0.0101037 1.42386 0 0 93.0434 52.8049 60.6564 0.156615 0 0 
