# cpu total, setup, strain, electr, fileio, sendrecev, allreduce, barrier, bcast, send, receive, matmul, strain_sendrecv, strain_allreduce, strain_barrier, strain_bcast, strain_send, strain_recv, electr_sendrecv, electr_allreduce, electr_barrier, electr_bcast, electr_send, electr_recv
 32 -2 53182.8 27.4502 4462.65 48678.4 17.3043 0.139034 0.195305 6.48714 0.0104909 10.8216 0 0 137.572 133.66 0.00850558 5.68292 0 0 802.746 528.433 33652.7 0.949419 0 0 
 32 -1 53182.8 27.4946 4462.65 48678.4 17.331 0.375768 0.195305 8.6255 0.0283899 10.8216 1.8283 0 137.572 138.127 0.00960422 7.32027 0 0 1978.99 572.83 33694.2 0.977026 0 0 
 32 0 53182.8 27.4624 4462.65 48678.4 8.72689 0.375768 0.101519 0.000425577 0.00896907 0 1.8283 0 119.98 46.6806 0.00675726 1.37627 0 0 1978.99 572.83 270.293 0.55135 0 0 
 32 1 53182.8 27.4469 4462.65 48678.4 17.2717 0.0278172 0.0326312 8.6255 0.0246639 8.6468 0 0 113.46 81.7679 0.00913429 6.79442 0 0 145.254 136.028 33690.3 0.754646 0 0 
 32 2 53182.8 27.4788 4462.65 48678.4 17.2868 0.0253494 0.037255 8.59134 0.0190728 8.69629 0 0 116.211 116.786 0.0091877 6.91912 0 0 126.385 163.912 33689.4 0.754135 0 0 
 32 3 53182.8 27.4428 4462.65 48678.4 17.318 0.0355725 0.0269482 8.57195 0.0196779 8.74816 0 0 113.164 92.366 0.00607991 6.67106 0 0 218.081 129.212 33694.2 0.754151 0 0 
 32 4 53182.8 27.4486 4462.65 48678.4 17.3048 0.0252602 0.0306976 8.55354 0.0094049 8.73755 0 0 108.454 127.896 0.00448823 5.18458 0 0 165.75 150.874 33689 0.750453 0 0 
 32 5 53182.8 27.4431 4462.65 48678.4 17.3284 0.0285699 0.0336792 8.52947 0.0283899 8.7964 0 0 103.587 113.528 0.00619221 7.32027 0 0 141.967 148.781 33693.9 0.751175 0 0 
 32 6 53182.8 27.4437 4462.65 48678.4 17.3249 0.0245996 0.0372112 8.51303 0.0197649 8.80969 0 0 104.694 138.127 0.00616121 7.20296 0 0 118.244 167.392 33687 0.740689 0 0 
 32 7 53182.8 27.4427 4462.65 48678.4 17.331 0.0448263 0.0299838 8.49447 0.0247982 8.83246 0 0 126.832 96.755 0.00912023 6.37231 0 0 238.192 107.273 33687.9 0.738433 0 0 
 32 8 53182.8 27.4435 4462.65 48678.4 17.3128 0.0931902 0.0361824 8.47575 0.0138869 8.84074 0 0 112.428 137.336 0.00928044 5.7269 0 0 173.804 54.427 33650.7 0.730447 0 0 
 32 9 53182.8 27.4456 4462.65 48678.4 17.3044 0.0325413 0.0994267 8.45709 0.012624 8.85254 0 0 95.0418 76.0841 0.00869799 5.50623 0 0 141.32 46.8851 33648.7 0.729641 0 0 
 32 10 53182.8 27.445 4462.65 48678.4 17.2969 0.029989 0.0983212 8.4331 0.00792003 8.87407 0 0 95.0575 121.149 0.00883842 5.63147 0 0 135.417 81.3417 33648.5 0.725446 0 0 
 32 11 53182.8 27.4456 4462.65 48678.4 17.3134 0.0274405 0.101541 8.41402 0.0140991 8.90916 0 0 96.3288 116.789 0.00898623 5.51881 0 0 137.191 54.7877 33647.9 0.726629 0 0 
 32 12 53182.8 27.4419 4462.65 48678.4 17.3129 0.0231216 0.106913 8.39566 0.011688 8.92095 0 0 98.1101 128.883 0.00865626 5.41444 0 0 118.657 86.9265 33645.6 0.726502 0 0 
 32 13 53182.8 27.4456 4462.65 48678.4 17.3018 0.0570433 0.093344 8.376 0.0133739 8.93871 0 0 99.2941 88.9304 0.00863242 5.44513 0 0 153.268 47.2223 33644.2 0.725085 0 0 
 32 14 53182.8 27.4443 4462.65 48678.4 17.3107 0.026881 0.0975201 8.35359 0.0122218 8.96934 0 0 96.3707 122.697 0.00891113 5.25824 0 0 119.102 62.7606 33641.1 0.724719 0 0 
 32 15 53182.8 27.4476 4462.65 48678.4 17.3078 0.0352247 0.0881732 8.33492 0.01178 8.9813 0 0 117.528 126.261 0.00846601 4.68155 0 0 170.613 51.1679 33642.5 0.730127 0 0 
 32 16 53182.8 27.47 4462.65 48678.4 17.2267 0.0191798 0.09039 8.31503 0.00947595 8.91053 0 0 111.419 87.1826 0.00960422 6.33399 0 0 124.84 104.723 33641.8 0.956481 0 0 
 32 17 53182.8 27.4946 4462.65 48678.4 17.257 0.0372455 0.0893383 8.28518 0.0143528 8.98123 0 0 100.599 93.5247 0.00873089 5.93095 0 0 262.721 112.507 33654.6 0.971538 0 0 
 32 18 53182.8 27.4578 4462.65 48678.4 17.2914 0.0301609 0.0930943 8.26625 0.00978875 9.03425 0 0 102.687 104.918 0.00865579 6.20781 0 0 189.499 135.886 33655.9 0.968691 0 0 
 32 19 53182.8 27.4551 4462.65 48678.4 17.2938 0.0286176 0.0960412 8.24249 0.00483298 9.05466 0 0 97.6066 97.5133 0.00856829 6.14202 0 0 130.378 187.338 33659.3 0.970151 0 0 
 32 20 53182.8 27.4519 4462.65 48678.4 17.2922 0.0248036 0.103303 8.22232 0.0156009 9.07273 0 0 98.204 93.8912 0.00865173 6.29039 0 0 108.698 227.655 33657.3 0.970499 0 0 
 32 21 53182.8 27.4511 4462.65 48678.4 17.3046 0.0281122 0.0996227 8.20308 0.0180261 9.10486 0 0 98.339 80.3517 0.00871277 6.34608 0 0 184.138 146.638 33659.1 0.977026 0 0 
 32 22 53182.8 27.4538 4462.65 48678.4 17.3048 0.049819 0.106672 8.18236 0.0145409 9.1208 0 0 97.9674 81.0775 0.0085721 6.06292 0 0 155.917 165.928 33653.6 0.95758 0 0 
 32 23 53182.8 27.4531 4462.65 48678.4 17.2954 0.0323679 0.0975261 8.16232 0.0133371 9.13607 0 0 111.933 101.726 0.00904155 5.85691 0 0 166.058 118.733 33653.8 0.963298 0 0 
 32 24 53182.8 27.4584 4462.65 48678.4 17.2932 0.0294721 0.113667 8.1375 0.0126641 9.16036 0 0 116.642 96.0667 0.00855446 5.6001 0 0 218.229 180.912 33656.8 0.943746 0 0 
 32 25 53182.8 27.4638 4462.65 48678.4 17.2843 0.0232627 0.119991 8.11878 0.012934 9.16809 0 0 92.9069 78.0702 0.00850773 5.50641 0 0 126.075 185.053 33653 0.9433 0 0 
 32 26 53182.8 27.4564 4462.65 48678.4 17.2941 0.0409606 0.120508 8.09778 0.00689793 9.19831 0 0 92.9016 104.812 0.00862789 6.03343 0 0 127.653 219.841 33656.1 0.949533 0 0 
 32 27 53182.8 27.4519 4462.65 48678.4 17.3051 0.0325325 0.114851 8.07899 0.00800681 9.22695 0 0 93.0554 127.587 0.00843811 5.59711 0 0 172.258 184.81 33656.8 0.948939 0 0 
 32 28 53182.8 27.4508 4462.65 48678.4 15.734 0.0271673 0.118442 6.54515 0.00830913 9.19187 0 0 94.9112 99.1169 0.00864911 5.65159 0 0 129.483 205.041 33652 0.946816 0 0 
 32 29 53182.8 27.4482 4462.65 48678.4 17.304 0.0240061 0.114287 6.52675 0.00667191 10.7849 0 0 113.161 74.0583 0.00843334 5.72016 0 0 152.795 186.703 33654.8 0.94749 0 0 
 32 30 53182.8 27.4536 4462.65 48678.4 17.2883 0.0474219 0.11661 6.50644 0.00550199 10.788 0 0 109.404 97.3067 0.00863647 5.38753 0 0 123.537 197.112 33645.7 0.945378 0 0 
 32 31 53182.8 27.4502 4462.65 48678.4 17.3043 0.139034 0.195305 6.48714 0.0104909 10.8216 0 0 137.572 133.66 0.00850558 5.68292 0 0 802.746 528.433 33652.7 0.949419 0 0 
