# cpu total, setup, strain, electr, fileio, sendrecev, allreduce, barrier, bcast, send, receive, matmul, strain_sendrecv, strain_allreduce, strain_barrier, strain_bcast, strain_send, strain_recv, electr_sendrecv, electr_allreduce, electr_barrier, electr_bcast, electr_send, electr_recv
 32 -2 43783.5 26.2701 5406.13 38334.8 17.898 0.170688 0.181891 8.31658 0.159128 9.58136 0 0 245.751 658.848 0.0193555 28.8755 0 0 857.209 542.676 24635.9 1.09126 0 0 
 32 -1 43783.5 26.3019 5406.13 38334.8 17.9004 0.379226 0.181891 8.95349 0.182467 9.58136 0.294606 0 245.751 720.776 0.0206044 29.1706 0 0 1967.97 569.668 24647.2 1.11515 0 0 
 32 0 43783.5 26.3019 5406.13 38334.8 9.05244 0.379226 0.104925 0.000461102 0.108527 0 0.294606 0 231.108 273.329 0.00730848 1.82687 0 0 1967.97 569.668 104.621 0.603284 0 0 
 32 1 43783.5 26.2763 5406.13 38334.8 17.786 0.0268865 0.0290918 8.95349 0.119941 8.80705 0 0 189.755 517.096 0.0067389 17.8895 0 0 136.84 151.251 24646.8 0.894748 0 0 
 32 2 43783.5 26.277 5406.13 38334.8 17.7809 0.0532868 0.0333393 8.93247 0.10802 8.82464 0 0 194.023 473.511 0.0055728 17.9132 0 0 129.916 176.873 24647.2 0.90181 0 0 
 32 3 43783.5 26.2755 5406.13 38334.8 17.785 0.0252533 0.0319417 8.912 0.115664 8.84608 0 0 208.364 523.703 0.00863886 18.2416 0 0 193.159 108.702 24646.7 0.898088 0 0 
 32 4 43783.5 26.2824 5406.13 38334.8 17.7876 0.0254498 0.0393262 8.89251 0.135806 8.86391 0 0 215.675 524.599 0.00850916 18.2695 0 0 180.634 131.287 24646.7 0.89866 0 0 
 32 5 43783.5 26.2825 5406.13 38334.8 17.7809 0.0364766 0.0295997 8.86831 0.132635 8.88262 0 0 168.321 555.187 0.0109322 17.9421 0 0 149.332 109.409 24646.8 0.897162 0 0 
 32 6 43783.5 26.274 5406.13 38334.8 17.7965 0.0298393 0.0326195 8.85068 0.124355 8.914 0 0 169.127 546.056 0.0110924 16.8969 0 0 159.104 129.993 24645.5 0.88643 0 0 
 32 7 43783.5 26.2743 5406.13 38334.8 17.7867 0.0370848 0.0205491 8.83103 0.119632 8.93153 0 0 230.6 532.583 0.0109739 17.5246 0 0 306.719 98.809 24645.6 0.885772 0 0 
 32 8 43783.5 26.2761 5406.13 38334.8 17.7883 0.113494 0.0314138 8.81109 0.125955 8.93816 0 0 198.779 435.518 0.010824 18.4767 0 0 156.578 57.2937 24638.8 0.874557 0 0 
 32 9 43783.5 26.2772 5406.13 38334.8 17.7655 0.0250595 0.107366 8.79116 0.11095 8.95759 0 0 164.494 487.953 0.0109017 18.1736 0 0 133.523 40.4119 24637.5 0.87638 0 0 
 32 10 43783.5 26.2787 5406.13 38334.8 17.7759 0.0258362 0.111486 8.76599 0.00260615 8.99035 0 0 165.439 444.197 0.0107071 18.3953 0 0 133.142 68.8146 24638.2 0.872188 0 0 
 32 11 43783.5 26.2817 5406.13 38334.8 17.7748 0.0270269 0.114172 8.74568 0.120966 9.00701 0 0 164.415 484.571 0.0109086 18.4574 0 0 186.279 56.9875 24637.9 0.871245 0 0 
 32 12 43783.5 26.2765 5406.13 38334.8 17.7833 0.0242014 0.11744 8.72616 0.112665 9.03444 0 0 165.582 506.178 0.010854 18.3801 0 0 127.646 80.645 24637.1 0.872326 0 0 
 32 13 43783.5 26.2764 5406.13 38334.8 17.7799 0.0362403 0.107123 8.70538 0.11429 9.04896 0 0 169.215 487.53 0.0107634 18.3634 0 0 148.993 49.7729 24637.7 0.872933 0 0 
 32 14 43783.5 26.2805 5406.13 38334.8 17.7555 0.0322812 0.106299 8.68199 0.0575171 9.0547 0 0 165.917 492.553 0.0109365 18.0002 0 0 116.013 66.4571 24635 0.87401 0 0 
 32 15 43783.5 26.2777 5406.13 38334.8 17.7801 0.0299177 0.10149 8.66223 0.116888 9.10104 0 0 244.117 422.376 0.00970578 18.3694 0 0 211.794 62.5592 24636 0.873337 0 0 
 32 16 43783.5 26.2863 5406.13 38334.8 17.8212 0.0191362 0.103941 8.64126 0.163902 9.16011 0 0 226.146 606.295 0.0206044 27.0104 0 0 162.617 116.555 24625.4 1.09955 0 0 
 32 17 43783.5 26.2701 5406.13 38334.8 17.8949 0.0524166 0.102987 8.61918 0.139403 9.28025 0 0 150.148 683.426 0.0194833 26.9974 0 0 183.472 144.788 24631 1.11249 0 0 
 32 18 43783.5 26.2712 5406.13 38334.8 17.9002 0.0347836 0.113154 8.60003 0.170009 9.29599 0 0 152.484 676.855 0.0196371 27.9627 0 0 160.911 170.732 24630.8 1.11515 0 0 
 32 19 43783.5 26.2679 5406.13 38334.8 17.8956 0.024873 0.114195 8.57412 0.166242 9.32351 0 0 147.357 694.241 0.0196104 27.3684 0 0 172.233 178.92 24632.3 1.11435 0 0 
 32 20 43783.5 26.2713 5406.13 38334.8 17.8941 0.0228059 0.121145 8.55281 0.182467 9.34005 0 0 147.256 720.776 0.0195749 27.4865 0 0 156.316 210.79 24630.8 1.11238 0 0 
 32 21 43783.5 26.2705 5406.13 38334.8 17.8953 0.0350678 0.105238 8.5324 0.171241 9.36801 0 0 149.673 694.851 0.0195475 27.6158 0 0 230.11 157.172 24632 1.1131 0 0 
 32 22 43783.5 26.2712 5406.13 38334.8 17.9004 0.0295026 0.114244 8.51128 0.171222 9.38908 0 0 146.934 691.025 0.0194583 27.1495 0 0 132.333 170.526 24629.7 1.10208 0 0 
 32 23 43783.5 26.2717 5406.13 38334.8 17.8936 0.028935 0.106143 8.49113 0.170457 9.40724 0 0 173.4 701.556 0.0196261 27.2707 0 0 197.733 132.426 24629.7 1.10301 0 0 
 32 24 43783.5 26.2719 5406.13 38334.8 17.8899 0.0357161 0.118557 8.46572 0.156938 9.42587 0 0 181.958 680.947 0.0196197 28.9477 0 0 141.406 199.639 24637.7 1.09754 0 0 
 32 25 43783.5 26.2747 5406.13 38334.8 17.899 0.0500948 0.129064 8.44607 0.168577 9.44572 0 0 146.942 681.661 0.0185149 28.2848 0 0 149.051 193.107 24636.4 1.085 0 0 
 32 26 43783.5 26.2722 5406.13 38334.8 17.8941 0.0242352 0.12883 8.42402 0.156203 9.47414 0 0 148.204 714.784 0.0187628 28.8369 0 0 121.844 223.432 24636.4 1.08952 0 0 
 32 27 43783.5 26.2725 5406.13 38334.8 17.8961 0.0322678 0.120812 8.40404 0.157005 9.49579 0 0 147.354 718.638 0.0185795 28.6083 0 0 157.667 203.079 24637.5 1.0898 0 0 
 32 28 43783.5 26.2704 5406.13 38334.8 17.8962 0.0243783 0.125473 8.37789 0.153563 9.51825 0 0 147.391 705.238 0.0184376 28.3837 0 0 121.39 228.31 24636 1.09045 0 0 
 32 29 43783.5 26.2733 5406.13 38334.8 17.896 0.0270095 0.12661 8.35838 0.156785 9.53659 0 0 177.652 688.446 0.0190091 29.1706 0 0 156.222 197.852 24636.1 1.08909 0 0 
 32 30 43783.5 26.2759 5406.13 38334.8 17.8915 0.0238273 0.130672 8.33683 0.156942 9.55337 0 0 171.715 663.075 0.0193734 28.4602 0 0 122.854 210.716 24634 1.08951 0 0 
 32 31 43783.5 26.2701 5406.13 38334.8 17.898 0.170688 0.181891 8.31658 0.159128 9.58136 0 0 245.751 658.848 0.0193555 28.8755 0 0 857.209 542.676 24635.9 1.09126 0 0 
