# cpu total, setup, strain, electr, fileio, sendrecev, allreduce, barrier, bcast, send, receive, matmul, strain_sendrecv, strain_allreduce, strain_barrier, strain_bcast, strain_send, strain_recv, electr_sendrecv, electr_allreduce, electr_barrier, electr_bcast, electr_send, electr_recv
 48 -2 16122.7 40.0983 1520.56 14547.1 19.4852 0.361439 0.227609 7.14842 0.0625758 12.3435 0 0 62.4135 59.4967 0.00887275 3.45562 0 0 595.744 294.48 7138.54 1.02179 0 0 
 48 -1 16122.7 40.9367 1520.56 14547.1 19.5738 0.757277 0.271363 10.7061 0.214327 12.3435 3.21521 0 62.4135 59.7253 0.00887275 3.51206 0 0 1397.28 389.991 7175.49 1.08049 0 0 
 48 0 16122.7 40.1655 1520.56 14547.1 10.7754 0.757277 0.271363 0.000727177 0.0169978 0 3.21521 0 56.8132 22.1859 0.00700021 0.7716 0 0 1397.28 389.991 274.487 0.499985 0 0 
 48 1 16122.7 40.1397 1520.56 14547.1 19.4471 0.0816498 0.0754294 10.7061 0.0260499 8.75081 0 0 54.5483 50.7152 0.00742531 3.33126 0 0 83.5118 101.518 7170.95 0.92526 0 0 
 48 2 16122.7 40.1406 1520.56 14547.1 19.4531 0.0467863 0.0937016 10.693 0.0357878 8.76157 0 0 55.7354 41.5277 0.00748682 3.32798 0 0 89.2857 118.335 7172.08 0.923783 0 0 
 48 3 16122.7 40.1352 1520.56 14547.1 19.4368 0.059025 0.0848448 10.6823 0.028698 8.75733 0 0 54.5635 44.4508 0.00756741 3.46379 0 0 109.774 103.784 7173.42 0.934328 0 0 
 48 4 16122.7 40.14 1520.56 14547.1 19.4641 0.0604916 0.098738 10.6705 0.0403008 8.79399 0 0 56.7982 48.5375 0.00762916 3.43226 0 0 117.658 125.06 7175.49 0.925921 0 0 
 48 5 16122.7 40.1372 1520.56 14547.1 19.4568 0.0580258 0.084239 10.6583 0.0357869 8.80004 0 0 47.8003 52.4387 0.0076158 3.29333 0 0 91.5722 110.78 7173.94 0.928267 0 0 
 48 6 16122.7 40.1389 1520.56 14547.1 19.463 0.047843 0.0925045 10.6485 0.022049 8.81568 0 0 47.6903 57.1161 0.00761056 3.30915 0 0 75.8813 125.33 7172.07 0.918867 0 0 
 48 7 16122.7 40.1363 1520.56 14547.1 19.475 0.0909302 0.0631456 10.6376 0.0243878 8.83331 0 0 59.5252 50.7111 0.00731874 2.88977 0 0 143.359 77.9122 7171.02 0.921094 0 0 
 48 8 16122.7 40.0998 1520.56 14547.1 19.4903 0.0965605 0.0600679 10.619 0.0934532 8.87623 0 0 56.3271 53.5331 0.00749731 3.22381 0 0 129.768 49.4954 7139.38 0.911436 0 0 
 48 9 16122.7 40.1021 1520.56 14547.1 19.4896 0.0649691 0.0794389 10.6089 0.0906773 8.88974 0 0 47.4609 47.7613 0.00825596 2.88364 0 0 76.9927 57.5161 7136.18 0.906867 0 0 
 48 10 16122.7 40.1056 1520.56 14547.1 19.4865 0.0571518 0.0881915 10.597 0.0914221 8.89962 0 0 47.0443 52.1826 0.00832772 2.83832 0 0 79.1013 81.986 7138.81 0.916585 0 0 
 48 11 16122.7 40.1098 1520.56 14547.1 19.493 0.0681162 0.0861089 10.5856 0.096024 8.91492 0 0 47.34 58.5642 0.00856566 3.08232 0 0 131.256 46.9244 7139.33 0.910073 0 0 
 48 12 16122.7 40.0967 1520.56 14547.1 19.499 0.0648963 0.099082 10.5753 0.0897899 8.93084 0 0 48.6223 59.6726 0.00848866 2.93921 0 0 101.512 67.4497 7138.95 0.911239 0 0 
 48 13 16122.7 40.0978 1520.56 14547.1 19.5033 0.0579278 0.0854692 10.5643 0.093493 8.94575 0 0 53.0051 34.1813 0.00460386 3.18312 0 0 101.637 40.9743 7136.95 0.912336 0 0 
 48 14 16122.7 40.1064 1520.56 14547.1 19.4892 0.051635 0.0940711 10.5536 0.0922291 8.94143 0 0 51.2151 32.0968 0.00468421 2.64755 0 0 74.7738 52.5467 7134.25 0.912403 0 0 
 48 15 16122.7 40.1071 1520.56 14547.1 19.4701 0.0620699 0.0740485 10.5341 0.0674551 8.94041 0 0 59.7085 59.7253 0.00236368 1.99735 0 0 109.007 34.1453 7134.52 0.899685 0 0 
 48 16 16122.7 40.129 1520.56 14547.1 19.4551 0.0456691 0.0808568 10.5214 0.205729 8.93795 0 0 61.6921 38.1957 0.00503635 2.57888 0 0 77.071 44.7461 7126.73 1.06388 0 0 
 48 17 16122.7 40.0973 1520.56 14547.1 19.5636 0.0871322 0.0817997 10.5091 0.207043 9.05997 0 0 48.3491 43.0658 0.00772047 2.6064 0 0 92.3481 46.4963 7135.94 1.08049 0 0 
 48 18 16122.7 40.0992 1520.56 14547.1 19.5576 0.051296 0.0934405 10.4977 0.209742 9.0649 0 0 50.4752 46.6906 0.00782323 2.67165 0 0 81.1647 65.1821 7139.43 1.07209 0 0 
 48 19 16122.7 40.093 1520.56 14547.1 19.5738 0.0643883 0.0808904 10.486 0.2103 9.09393 0 0 48.4544 47.8475 0.00786638 2.70778 0 0 121.957 45.6605 7138.54 1.07107 0 0 
 48 20 16122.7 40.1029 1520.56 14547.1 19.5572 0.0620601 0.0944326 10.4747 0.213363 9.08941 0 0 48.478 56.3944 0.00797367 2.80023 0 0 118.392 64.4692 7139.18 1.07278 0 0 
 48 21 16122.7 40.097 1520.56 14547.1 19.5712 0.0559208 0.0886707 10.4547 0.20882 9.11845 0 0 48.2442 42.2829 0.00792027 2.69126 0 0 83.9749 53.5882 7137.12 1.07436 0 0 
 48 22 16122.7 40.1019 1520.56 14547.1 19.5598 0.0473554 0.0927792 10.4432 0.214327 9.12162 0 0 47.7959 48.9848 0.00802922 2.68036 0 0 74.3984 69.676 7136.1 1.06357 0 0 
 48 23 16122.7 40.1024 1520.56 14547.1 19.5627 0.0695415 0.076695 10.4327 0.210314 9.13725 0 0 57.6394 46.1232 0.00749493 2.90123 0 0 116.137 46.432 7136.35 1.06445 0 0 
 48 24 16122.7 40.9367 1520.56 14547.1 18.7308 0.0623555 0.0915568 9.6599 0.178277 9.07456 0 0 56.6285 51.8551 0.0077529 3.43393 0 0 111.038 73.0625 7132.69 1.05328 0 0 
 48 25 16122.7 40.1015 1520.56 14547.1 19.5456 0.0534432 0.0847101 9.64696 0.18611 9.90695 0 0 47.8359 46.0162 0.00753403 2.95012 0 0 98.8722 59.258 7129.87 1.0544 0 0 
 48 26 16122.7 40.0964 1520.56 14547.1 19.5688 0.0461016 0.0982194 9.63582 0.177186 9.93831 0 0 49.6041 49.8035 0.00769806 2.89156 0 0 76.7502 86.2276 7133.26 1.04925 0 0 
 48 27 16122.7 40.1322 1520.56 14547.1 19.5272 0.0643253 0.0878808 9.62436 0.186579 9.90796 0 0 49.1108 50.3744 0.00792503 2.92993 0 0 113.852 50.2346 7131.12 1.05653 0 0 
 48 28 16122.7 40.0999 1520.56 14547.1 19.5716 0.0596929 0.10008 9.60404 0.181366 9.96961 0 0 48.6425 56.9048 0.00790119 3.00369 0 0 74.5788 70.4602 7132.85 1.05329 0 0 
 48 29 16122.7 40.1002 1520.56 14547.1 19.5665 0.0648069 0.0808666 9.59343 0.194756 9.97899 0 0 49.0969 45.4 0.00800276 2.95815 0 0 124.711 39.6209 7129.93 1.05251 0 0 
 48 30 16122.7 40.1017 1520.56 14547.1 19.5521 0.0454211 0.086664 9.58098 0.186077 9.97695 0 0 48.3273 36.0876 0.00819683 2.83765 0 0 80.9739 51.0586 7126.78 1.05187 0 0 
 48 31 16122.7 40.0993 1520.56 14547.1 19.565 0.0684683 0.0735774 9.56909 0.187235 10.0042 0 0 57.5069 59.5898 0.00875783 3.06659 0 0 111.755 38.3771 7128.75 1.05362 0 0 
 48 32 16122.7 40.1311 1520.56 14547.1 19.3562 0.0459814 0.0719068 9.55725 0.0779541 9.81439 0 0 56.6227 42.496 0.00839925 2.72557 0 0 79.2846 39.3183 7128.71 1.03657 0 0 
 48 33 16122.7 40.1027 1520.56 14547.1 19.4664 0.0599506 0.0739975 9.54561 0.087883 9.93524 0 0 50.1016 40.6407 0.00815701 2.81787 0 0 92.4409 36.3629 7137.38 1.04165 0 0 
 48 34 16122.7 40.0994 1520.56 14547.1 19.4818 0.0492246 0.0899 9.5331 0.084857 9.95768 0 0 50.9325 44.5951 0.00832152 3.0019 0 0 75.8011 56.4992 7138.68 1.0396 0 0 
 48 35 16122.7 40.0972 1520.56 14547.1 19.487 0.0674493 0.0822928 9.51433 0.0871921 9.98244 0 0 49.5733 54.5054 0.00820589 2.94974 0 0 127.65 38.0366 7139.36 1.04081 0 0 
 48 36 16122.7 40.0992 1520.56 14547.1 19.4944 0.0644541 0.0996501 9.50317 0.0920758 9.99324 0 0 49.5273 47.1977 0.00818157 3.11756 0 0 124.914 56.9336 7141.97 1.04817 0 0 
 48 37 16122.7 40.1106 1520.56 14547.1 19.4796 0.0617411 0.0826635 9.4926 0.0826359 9.99259 0 0 48.3742 48.4176 0.00821543 2.95518 0 0 86.6033 44.3178 7139.16 1.04341 0 0 
 48 38 16122.7 40.1031 1520.56 14547.1 19.4884 0.0490644 0.0933726 9.48079 0.090858 10.0091 0 0 49.5647 46.9695 0.00821614 2.77135 0 0 76.7773 61.141 7137.24 1.03928 0 0 
 48 39 16122.7 40.096 1520.56 14547.1 19.4918 0.0616221 0.0809398 9.46777 0.0839353 10.0294 0 0 55.9846 50.0191 0.00764275 3.1213 0 0 107.331 37.0429 7136.48 1.03826 0 0 
 48 40 16122.7 40.1008 1520.56 14547.1 19.4893 0.0801768 0.110372 9.4563 0.0907137 10.0343 0 0 56.0797 47.2678 0.00766659 3.51206 0 0 122.088 84.0436 7139.02 1.0202 0 0 
 48 41 16122.7 40.1001 1520.56 14547.1 19.4809 0.0503931 0.109028 9.4448 0.0839541 10.0423 0 0 46.637 47.3222 0.00771999 3.19367 0 0 105.47 66.622 7134.52 1.02818 0 0 
 48 42 16122.7 40.1022 1520.56 14547.1 19.4635 0.0455439 0.0949056 9.42474 0.0823512 10.0695 0 0 48.0506 54.5762 0.00782609 3.1033 0 0 77.8779 86.4023 7139.5 1.02303 0 0 
 48 43 16122.7 40.1446 1520.56 14547.1 19.4106 0.070709 0.112892 9.41399 0.0835669 9.99751 0 0 48.0028 57.7475 0.00787473 3.04783 0 0 107.657 75.4847 7137.18 1.0339 0 0 
 48 44 16122.7 40.0996 1520.56 14547.1 19.488 0.0649593 0.118985 9.40163 0.0779822 10.0917 0 0 46.9105 54.9596 0.00800657 3.24595 0 0 105.578 99.4684 7137.46 1.02379 0 0 
 48 45 16122.7 40.1081 1520.56 14547.1 19.4676 0.0542262 0.109618 9.3903 0.082442 10.082 0 0 55.1423 47.0792 0.00804353 3.3498 0 0 127.19 57.3072 7133.52 1.03414 0 0 
 48 46 16122.7 40.1036 1520.56 14547.1 17.1306 0.0443468 0.114726 7.1603 0.0829911 9.97835 0 0 53.1274 45.8971 0.00804234 3.27732 0 0 82.0694 71.0869 7130.7 1.02757 0 0 
 48 47 16122.7 40.0983 1520.56 14547.1 19.4852 0.361439 0.227609 7.14842 0.0625758 12.3435 0 0 62.4135 59.4967 0.00887275 3.45562 0 0 595.744 294.48 7138.54 1.02179 0 0 
