# cpu total, setup, strain, electr, fileio, sendrecev, allreduce, barrier, bcast, send, receive, matmul, strain_sendrecv, strain_allreduce, strain_barrier, strain_bcast, strain_send, strain_recv, electr_sendrecv, electr_allreduce, electr_barrier, electr_bcast, electr_send, electr_recv
 48 -2 6553.89 39.99 966.935 5531.98 19.3361 0.326233 0.210464 7.02564 0.2094 12.3429 0 0 42.9004 46.0621 0.0096333 2.29308 0 0 326.485 171.078 1434.23 0.52527 0 0 
 48 -1 6553.89 40.8612 966.936 5531.98 19.347 0.752591 0.210464 10.5102 0.22159 12.3429 3.15573 0 42.9004 46.839 0.00968623 2.48437 0 0 771.25 214.881 1448.54 0.548014 0 0 
 48 0 6553.89 40.162 966.935 5531.98 10.5561 0.752591 0.19708 0.000627756 0.202111 0 3.15573 0 39.2091 19.0177 0.00789475 0.49737 0 0 771.25 214.881 142.594 0.269875 0 0 
 48 1 6553.89 40.0747 966.935 5531.98 19.2548 0.0482478 0.047394 10.5102 0.210205 8.77705 0 0 34.607 36.3271 0.00480914 2.2518 0 0 50.1035 48.5946 1446.95 0.471825 0 0 
 48 2 6553.89 40.0769 966.935 5531.98 19.2566 0.0851586 0.0562699 10.4975 0.212726 8.79165 0 0 35.2004 40.3872 0.00492883 2.25831 0 0 45.5789 58.7393 1448.5 0.471599 0 0 
 48 3 6553.89 40.083 966.936 5531.98 19.2359 0.0475049 0.0915296 10.4872 0.194611 8.7743 0 0 31.3181 41.6921 0.00224757 1.87007 0 0 59.645 54.9186 1446.52 0.463494 0 0 
 48 4 6553.89 40.0717 966.935 5531.98 19.2586 0.0532939 0.102867 10.4757 0.219709 8.81112 0 0 36.4679 43.5774 0.00503874 2.27318 0 0 59.0415 66.2206 1447.73 0.473049 0 0 
 48 5 6553.89 40.073 966.935 5531.98 19.2312 0.0537322 0.0909376 10.464 0.2043 8.79647 0 0 30.4844 29.357 0.00955677 2.27004 0 0 56.4064 53.2415 1448.54 0.472779 0 0 
 48 6 6553.89 40.0745 966.935 5531.98 19.2625 0.0425944 0.0994823 10.4546 0.212139 8.83678 0 0 30.0143 43.9228 0.00968623 2.20814 0 0 43.0483 61.9894 1447.44 0.468063 0 0 
 48 7 6553.89 40.0722 966.935 5531.98 19.2192 0.0948651 0.0533881 10.4442 0.214592 8.80673 0 0 37.9379 38.0937 0.00852609 2.30187 0 0 72.9801 44.1641 1446.29 0.462025 0 0 
 48 8 6553.89 40.0161 966.935 5531.98 19.3012 0.0883162 0.0542364 10.4266 0.216998 8.91045 0 0 35.9777 32.309 0.00846863 2.1563 0 0 61.962 32.325 1431.83 0.466552 0 0 
 48 9 6553.89 39.9999 966.935 5531.98 19.3224 0.0554192 0.0750582 10.4169 0.20804 8.94089 0 0 29.5185 40.4767 0.00844502 1.94433 0 0 52.4522 28.9447 1431.99 0.460098 0 0 
 48 10 6553.89 39.992 966.935 5531.98 19.3245 0.0542161 0.0832253 10.4055 0.204511 8.95658 0 0 30.1027 41.5514 0.00837493 1.98596 0 0 42.3066 41.1307 1433.34 0.461232 0 0 
 48 11 6553.89 39.9934 966.935 5531.98 16.9906 0.0570097 0.0840154 8.15109 0.208989 8.88048 0 0 29.643 46.839 0.00873971 2.03241 0 0 58.2614 29.0099 1432.2 0.463187 0 0 
 48 12 6553.89 39.9905 966.935 5531.98 19.347 0.0472727 0.098197 8.14111 0.210941 11.2403 0 0 30.8031 44.631 0.0087533 1.99735 0 0 61.3932 40.2022 1431.84 0.462727 0 0 
 48 13 6553.89 40.0001 966.935 5531.98 19.329 0.0565948 0.0827653 8.13049 0.204435 11.2352 0 0 30.7462 40.5494 0.0089016 2.06108 0 0 53.5715 27.4246 1432.35 0.463314 0 0 
 48 14 6553.89 39.9952 966.935 5531.98 19.332 0.0430939 0.0871353 8.12008 0.207057 11.2524 0 0 29.9065 38.6924 0.00906277 1.90852 0 0 43.2923 34.4366 1430.61 0.46319 0 0 
 48 15 6553.89 39.9933 966.935 5531.98 19.3027 0.0505259 0.0812469 8.10183 0.189134 11.237 0 0 39.5952 40.1788 0.00840139 1.5455 0 0 59.6374 20.3865 1430.29 0.463678 0 0 
 48 16 6553.89 40.0299 966.935 5531.98 19.1918 0.0428474 0.0933878 8.08952 0.0318851 11.1369 0 0 37.9749 33.4428 0.00875425 1.94719 0 0 42.6161 23.8724 1426.81 0.540091 0 0 
 48 17 6553.89 39.9929 966.935 5531.98 19.2974 0.0553069 0.0951846 8.07752 0.0355527 11.2549 0 0 30.948 34.7188 0.00840926 2.05211 0 0 51.9082 23.4018 1432.47 0.548014 0 0 
 48 18 6553.89 40.0005 966.935 5531.98 19.3027 0.0460999 0.104792 8.06646 0.0281401 11.2702 0 0 32.2313 40.1058 0.00853205 2.08881 0 0 45.8352 34.7761 1433.64 0.542223 0 0 
 48 19 6553.89 39.9879 966.935 5531.98 19.3195 0.0566714 0.101222 8.05506 0.037251 11.2952 0 0 30.9233 40.5312 0.00861406 2.00833 0 0 66.3974 26.8305 1432.37 0.542362 0 0 
 48 20 6553.89 39.993 966.935 5531.98 19.3176 0.0533073 0.11387 8.04442 0.036202 11.3036 0 0 30.7623 42.9563 0.0088315 2.1126 0 0 55.1525 41.7134 1433.18 0.543036 0 0 
 48 21 6553.89 39.9931 966.935 5531.98 19.3239 0.0524297 0.102439 8.02571 0.0480993 11.3286 0 0 30.6555 33.9609 0.00862074 2.06605 0 0 61.3069 22.0437 1433.79 0.542715 0 0 
 48 22 6553.89 39.9903 966.935 5531.98 19.3165 0.0393007 0.108758 8.01457 0.0377879 11.3282 0 0 30.2495 37.5046 0.00876904 1.98727 0 0 41.6881 29.7442 1431.68 0.537684 0 0 
 48 23 6553.89 39.9933 966.935 5531.98 19.3134 0.093915 0.0874052 8.00422 0.0402582 11.3444 0 0 35.8781 31.4442 0.00832152 2.16788 0 0 62.8154 19.021 1430.92 0.537786 0 0 
 48 24 6553.89 39.988 966.935 5531.98 19.3238 0.0565085 0.0981286 7.99258 0.0249419 11.363 0 0 35.5814 41.1106 0.00849748 2.48437 0 0 64.3032 28.8016 1431.86 0.528663 0 0 
 48 25 6553.89 39.9944 966.935 5531.98 19.3128 0.0511978 0.0921082 7.98009 0.0153301 11.3651 0 0 29.5735 41.1224 0.00854158 2.09472 0 0 66.1827 14.3825 1431.38 0.531701 0 0 
 48 26 6553.89 39.9951 966.935 5531.98 19.3033 0.0417433 0.0987623 7.96925 0.0321169 11.3705 0 0 29.9901 41.3854 0.0086484 2.09222 0 0 45.5837 23.5833 1433.55 0.532042 0 0 
 48 27 6553.89 39.9881 966.935 5531.98 19.3217 0.0585973 0.0959997 7.95813 0.0351641 11.391 0 0 30.2352 42.1756 0.00869393 2.11201 0 0 67.0982 24.8404 1431.51 0.531656 0 0 
 48 28 6553.89 39.9959 966.935 5531.98 19.2649 0.0525928 0.104571 7.93901 0.0341101 11.3552 0 0 30.3855 41.1513 0.00896883 2.11856 0 0 51.8891 36.9858 1431.54 0.531498 0 0 
 48 29 6553.89 39.9935 966.935 5531.98 19.3318 0.0542927 0.0920053 7.92865 0.0307872 11.4361 0 0 30.9079 41.2369 0.00882006 2.22399 0 0 62.4438 21.3682 1431.67 0.529334 0 0 
 48 30 6553.89 39.9906 966.935 5531.98 19.3084 0.0426612 0.0999963 7.91652 0.0344088 11.4248 0 0 30.0644 41.3234 0.00898886 2.07085 0 0 44.8499 29.072 1430.3 0.53151 0 0 
 48 31 6553.89 40.0019 966.935 5531.98 19.3032 0.0541263 0.0879931 7.90501 0.0380692 11.4318 0 0 37.1676 39.5555 0.00946355 2.25728 0 0 57.2304 19.7447 1429.76 0.531281 0 0 
 48 32 6553.89 40.8612 966.935 5531.98 18.3853 0.0405321 0.0977437 7.20935 0.203555 11.2086 0 0 36.5578 34.9164 0.00912237 1.94736 0 0 43.4265 27.1271 1425.59 0.531996 0 0 
 48 33 6553.89 39.9892 966.935 5531.98 19.3428 0.0560117 0.0968122 7.19742 0.210694 12.1769 0 0 31.1634 37.2047 0.00861573 2.08055 0 0 51.4192 23.0373 1431.35 0.533001 0 0 
 48 34 6553.89 40.0393 966.935 5531.98 19.2874 0.0456948 0.102882 7.18541 0.212377 12.1384 0 0 32.1759 25.9813 0.00885963 2.06893 0 0 42.3457 35.5556 1431.95 0.533369 0 0 
 48 35 6553.89 39.9964 966.935 5531.98 19.3354 0.0530984 0.103272 7.16803 0.191737 12.1985 0 0 30.6345 42.6294 0.00877738 2.0329 0 0 78.8653 17.7596 1431.16 0.536154 0 0 
 48 36 6553.89 39.9877 966.935 5531.98 19.2979 0.0541716 0.112833 7.1569 0.21993 12.1712 0 0 31.0203 30.4 0.00881028 2.19126 0 0 74.1599 27.8218 1431.68 0.534076 0 0 
 48 37 6553.89 40.0006 966.935 5531.98 19.3258 0.05074 0.101668 7.14663 0.202187 12.2124 0 0 30.5592 36.905 0.00874257 2.06839 0 0 50.5717 20.7561 1432.04 0.534623 0 0 
 48 38 6553.89 39.9942 966.935 5531.98 19.3265 0.0637391 0.109392 7.13497 0.208862 12.2205 0 0 30.7403 34.1705 0.00883222 2.04657 0 0 43.4412 26.9753 1430.62 0.5309 0 0 
 48 39 6553.89 40.0027 966.935 5531.98 19.3205 0.0632563 0.0949872 7.12232 0.216142 12.2321 0 0 35.3127 33.423 0.00832105 2.22008 0 0 68.9857 15.2853 1429.23 0.530706 0 0 
 48 40 6553.89 40.005 966.935 5531.98 19.317 0.0602174 0.114211 7.1117 0.22159 12.2345 0 0 35.4487 41.5954 0.00843644 2.32727 0 0 69.7006 39.7857 1431.81 0.525313 0 0 
 48 41 6553.89 40.0043 966.935 5531.98 19.3092 0.0473449 0.109941 7.10047 0.212028 12.2445 0 0 29.0605 40.0234 0.00846124 2.08352 0 0 46.0566 43.288 1431.55 0.523307 0 0 
 48 42 6553.89 40.0001 966.935 5531.98 19.3208 0.0418694 0.117312 7.08161 0.212793 12.2763 0 0 29.9573 41.136 0.0084784 2.19986 0 0 42.9621 54.7608 1434.09 0.525251 0 0 
 48 43 6553.89 39.9921 966.935 5531.98 19.3359 0.0594749 0.109076 7.0711 0.1973 12.2997 0 0 29.6194 44.2966 0.00868559 2.10608 0 0 65.6967 40.562 1431.51 0.526183 0 0 
 48 44 6553.89 39.9939 966.935 5531.98 19.3301 0.0528073 0.118807 7.05903 0.21247 12.3058 0 0 29.4778 44.0689 0.00884604 2.29242 0 0 58.9627 52.0029 1432.53 0.523358 0 0 
 48 45 6553.89 40.0027 966.935 5531.98 19.3179 0.0560503 0.105368 7.04813 0.213273 12.3049 0 0 34.5437 35.0026 0.00886059 2.20089 0 0 58.4435 38.6057 1432.02 0.523337 0 0 
 48 46 6553.89 39.9935 966.935 5531.98 19.3271 0.040417 0.109699 7.03725 0.205583 12.3266 0 0 33.181 40.5827 0.00892472 2.10482 0 0 43.1989 44.7563 1430.17 0.523707 0 0 
 48 47 6553.89 39.99 966.935 5531.98 19.3361 0.326233 0.210464 7.02564 0.2094 12.3429 0 0 42.9004 46.0621 0.0096333 2.29308 0 0 326.485 171.078 1434.23 0.52527 0 0 
