# cpu total, setup, strain, electr, fileio, sendrecev, allreduce, barrier, bcast, send, receive, matmul, strain_sendrecv, strain_allreduce, strain_barrier, strain_bcast, strain_send, strain_recv, electr_sendrecv, electr_allreduce, electr_barrier, electr_bcast, electr_send, electr_recv
 32 -2 33946.2 27.5524 4428.13 29475.2 18.9194 0.352401 0.204953 7.53344 0.0229549 11.3571 0 0 135.711 155.904 0.00781393 12.7123 0 0 702.429 451.9 16083.6 1.39147 0 0 
 32 -1 33946.2 28.1753 4428.13 29475.2 19.0258 0.717791 0.234099 10.2522 0.222016 11.3571 2.34785 0 135.711 198.76 0.00832772 12.9454 0 0 1727.37 475.097 16133.3 1.42363 0 0 
 32 0 33946.2 27.6463 4428.13 29475.2 10.382 0.717791 0.234099 0.000649452 0.202902 0 2.34785 0 115.35 54.5612 0.0058825 1.4429 0 0 1727.37 475.097 297.347 0.583832 0 0 
 32 1 33946.2 27.6211 4428.13 29475.2 18.8984 0.0730307 0.0605762 10.2522 0.216257 8.60765 0 0 123.861 164.25 0.00536156 12.8393 0 0 119.51 111.937 16126.4 1.23001 0 0 
 32 2 33946.2 28.1753 4428.13 29475.2 18.3949 0.0507534 0.0759711 9.70304 0.197854 8.65737 0 0 123.296 171.271 0.00425839 11.5737 0 0 110.237 134.53 16128.8 1.21934 0 0 
 32 3 33946.2 27.622 4428.13 29475.2 18.9568 0.0632312 0.0685129 9.6811 0.213221 9.24417 0 0 122.32 176.693 0.00566459 12.8171 0 0 149.764 123.327 16133.3 1.21568 0 0 
 32 4 33946.2 27.6263 4428.13 29475.2 18.9486 0.0461409 0.0765352 9.66004 0.21823 9.25736 0 0 123.933 147.483 0.00542831 12.4393 0 0 142.787 138.434 16130.3 1.21397 0 0 
 32 5 33946.2 27.6254 4428.13 29475.2 17.3929 0.0917344 0.0523958 8.12518 0.212737 9.23162 0 0 97.953 187.364 0.00809669 12.83 0 0 111.39 130.906 16131.2 1.21714 0 0 
 32 6 33946.2 27.6223 4428.13 29475.2 18.9462 0.0682652 0.0551791 8.10673 0.211658 10.8112 0 0 96.5984 198.76 0.00826573 12.4581 0 0 133.316 150.627 16125.4 1.20441 0 0 
 32 7 33946.2 27.6272 4428.13 29475.2 18.9453 0.0848629 0.0370369 8.08635 0.188929 10.832 0 0 128.482 192.559 0.00813293 12.2246 0 0 214.422 82.0875 16124.6 1.20675 0 0 
 32 8 33946.2 27.5468 4428.13 29475.2 19.0113 0.0945406 0.0473421 8.06575 0.215887 10.9146 0 0 112.132 168.814 0.00832772 12.0655 0 0 168.044 35.3488 16090.1 1.19358 0 0 
 32 9 33946.2 27.5471 4428.13 29475.2 19.0167 0.0779657 0.0751984 8.04526 0.215199 10.9449 0 0 99.0574 176.524 0.00797462 11.7136 0 0 150.689 38.656 16082.1 1.18555 0 0 
 32 10 33946.2 27.5489 4428.13 29475.2 19.0201 0.111809 0.07673 8.0157 0.217627 10.9859 0 0 97.6557 144.306 0.00822902 12.0971 0 0 114.63 64.214 16084.7 1.19548 0 0 
 32 11 33946.2 27.5474 4428.13 29475.2 19.0178 0.105022 0.0741129 7.99476 0.21202 11.0035 0 0 98.275 160.562 0.00803089 12.1239 0 0 134.085 36.633 16084.5 1.19593 0 0 
 32 12 33946.2 27.5491 4428.13 29475.2 19.0258 0.049238 0.095484 7.97446 0.215019 11.0217 0 0 98.2933 193.272 0.00828838 11.8224 0 0 139.827 56.0009 16082.8 1.19661 0 0 
 32 13 33946.2 27.5533 4428.13 29475.2 19.0166 0.0742967 0.0718162 7.95293 0.222016 11.0396 0 0 98.239 148.536 0.00817513 11.8267 0 0 113.764 45.5979 16082.8 1.19579 0 0 
 32 14 33946.2 27.5499 4428.13 29475.2 19.0198 0.0557749 0.0788224 7.92504 0.213698 11.0711 0 0 97.5144 131.496 0.0081408 11.5541 0 0 97.794 57.6287 16075.3 1.19362 0 0 
 32 15 33946.2 27.5511 4428.13 29475.2 19.0133 0.0753961 0.0586998 7.90454 0.217087 11.088 0 0 119.968 197.125 0.00770545 11.4367 0 0 153.619 73.1427 16077.6 1.19606 0 0 
 32 16 33946.2 27.5759 4428.13 29475.2 18.8295 0.0488572 0.0629215 7.8823 0.0194988 10.9124 0 0 116.206 135.79 0.00818491 12.209 0 0 106.204 108.195 16067.6 1.40246 0 0 
 32 17 33946.2 27.5524 4428.13 29475.2 18.8686 0.0847316 0.0607045 7.85949 0.022408 10.9909 0 0 100.41 167.723 0.00776792 12.6244 0 0 149.673 115.14 16083 1.42363 0 0 
 32 18 33946.2 27.5543 4428.13 29475.2 18.9136 0.0609071 0.0746174 7.83873 0.01985 11.0346 0 0 102.918 180.306 0.00794196 12.9454 0 0 146.949 139.492 16084.7 1.41745 0 0 
 32 19 33946.2 27.5547 4428.13 29475.2 18.9085 0.0799437 0.0612888 7.8091 0.0105679 11.0775 0 0 98.8087 180.958 0.00769353 12.7088 0 0 118.867 142.862 16085.7 1.41295 0 0 
 32 20 33946.2 27.5588 4428.13 29475.2 18.9101 0.0871303 0.0753863 7.78687 0.0300312 11.0944 0 0 98.7171 175.709 0.00791216 12.4132 0 0 101.535 176.038 16081.1 1.41414 0 0 
 32 21 33946.2 27.5552 4428.13 29475.2 18.9225 0.0860736 0.0605197 7.76552 0.0275209 11.1262 0 0 98.5595 158.438 0.00773931 12.5307 0 0 213.459 118.16 16085.4 1.41486 0 0 
 32 22 33946.2 27.5557 4428.13 29475.2 18.9109 0.0621514 0.0627828 7.74358 0.0238969 11.143 0 0 99.5448 174.497 0.00789666 12.2342 0 0 134.859 133.254 16079 1.40468 0 0 
 32 23 33946.2 27.5584 4428.13 29475.2 18.9035 0.0736465 0.0558317 7.72247 0.0222447 11.1601 0 0 115.215 165.343 0.00807738 12.4888 0 0 140.749 109.998 16078.8 1.40437 0 0 
 32 24 33946.2 27.5584 4428.13 29475.2 18.8972 0.0888417 0.0866225 7.69277 0.027281 11.1784 0 0 119.381 167.268 0.00779247 12.4482 0 0 205.161 165.951 16087.9 1.40349 0 0 
 32 25 33946.2 27.5589 4428.13 29475.2 18.8886 0.0676978 0.0939491 7.67221 0.018681 11.1934 0 0 92.9993 177.695 0.00800276 12.3844 0 0 111.319 162.207 16084 1.38379 0 0 
 32 26 33946.2 27.5571 4428.13 29475.2 18.9092 0.0500233 0.103155 7.6491 0.0237441 11.2388 0 0 94.9584 191.559 0.00815821 12.6545 0 0 170.733 194.177 16090.3 1.39635 0 0 
 32 27 33946.2 27.5568 4428.13 29475.2 18.917 0.0735412 0.103295 7.62811 0.024848 11.2529 0 0 94.4776 187.455 0.0079484 12.5447 0 0 186.232 168.446 16086.6 1.39042 0 0 
 32 28 33946.2 27.5565 4428.13 29475.2 18.9163 0.0456049 0.108699 7.59768 0.0178552 11.2883 0 0 95.4442 173.266 0.00814319 12.5087 0 0 104.172 194.555 16083.5 1.39046 0 0 
 32 29 33946.2 27.5597 4428.13 29475.2 18.907 0.117985 0.0935276 7.5772 0.019002 11.3055 0 0 115.244 144.292 0.00776362 12.5236 0 0 170.52 157.226 16084.4 1.39087 0 0 
 32 30 33946.2 27.5624 4428.13 29475.2 18.8974 0.0430567 0.105546 7.55481 0.0243649 11.3169 0 0 112.332 140.755 0.00789499 12.3682 0 0 114.089 167.826 16077.8 1.39111 0 0 
 32 31 33946.2 27.5524 4428.13 29475.2 18.9194 0.352401 0.204953 7.53344 0.0229549 11.3571 0 0 135.711 155.904 0.00781393 12.7123 0 0 702.429 451.9 16083.6 1.39147 0 0 
